[17:02:55] [info] VERTEX: Creating window Vertex Engine (1280, 720)
[17:02:55] [info] VERTEX: GLAD STATUS: 1
[17:02:55] [info] VERTEX: OpenGL Info:
[17:02:55] [info] VERTEX:   Vendor: NVIDIA Corporation
[17:02:55] [info] VERTEX:   Renderer: NVIDIA GeForce GTX 1660 SUPER/PCIe/SSE2
[17:02:55] [info] VERTEX:   Version: 4.6.0 NVIDIA 536.23
[17:02:55] [trace] VERTEX: Hi
[17:02:56] [info] VERTEX: 535.0601
[17:02:56] [info] VERTEX: clear CommandBuffer: 18446744073709551608
[17:02:56] [info] VERTEX: clear CommandBuffer: 18446744073709551608
[17:02:56] [info] VERTEX: 298.9946
[17:02:56] [info] VERTEX: clear CommandBuffer: 18446744073709551608
[17:02:56] [info] VERTEX: clear CommandBuffer: 18446744073709551608
[17:02:57] [info] VERTEX: 632.79724
[17:02:57] [info] VERTEX: clear CommandBuffer: 18446744073709551608
[17:02:57] [info] VERTEX: clear CommandBuffer: 18446744073709551608
[17:02:57] [info] VERTEX: 164.2592
[17:02:57] [info] VERTEX: clear CommandBuffer: 18446744073709551608
[17:02:57] [info] VERTEX: clear CommandBuffer: 18446744073709551608
[17:02:57] [info] VERTEX: 19.109367
[17:02:57] [info] VERTEX: clear CommandBuffer: 18446744073709551608
[17:02:57] [info] VERTEX: clear CommandBuffer: 18446744073709551608
[17:02:57] [info] VERTEX: 19.901514
[17:02:57] [info] VERTEX: clear CommandBuffer: 18446744073709551608
[17:02:57] [info] VERTEX: clear CommandBuffer: 18446744073709551608
[17:02:57] [info] VERTEX: 14.143467
[17:02:57] [info] VERTEX: clear CommandBuffer: 18446744073709551608
[17:02:57] [info] VERTEX: clear CommandBuffer: 18446744073709551608
[17:02:57] [info] VERTEX: 18.993736
[17:02:57] [info] VERTEX: clear CommandBuffer: 18446744073709551608
[17:02:57] [info] VERTEX: clear CommandBuffer: 18446744073709551608
[17:02:57] [info] VERTEX: 30.925035
[17:02:57] [info] VERTEX: clear CommandBuffer: 18446744073709551608
[17:02:57] [info] VERTEX: clear CommandBuffer: 18446744073709551608
[17:02:57] [info] VERTEX: 21.687984
[17:02:57] [info] VERTEX: clear CommandBuffer: 18446744073709551608
[17:02:57] [info] VERTEX: clear CommandBuffer: 18446744073709551608
[17:02:57] [info] VERTEX: 30.813812
[17:02:57] [info] VERTEX: clear CommandBuffer: 18446744073709551608
[17:02:57] [info] VERTEX: clear CommandBuffer: 18446744073709551608
[17:02:57] [info] VERTEX: 53.118942
[17:02:57] [info] VERTEX: clear CommandBuffer: 18446744073709551608
[17:02:57] [info] VERTEX: clear CommandBuffer: 18446744073709551608
[17:02:57] [info] VERTEX: 37.2411
[17:02:57] [info] VERTEX: clear CommandBuffer: 18446744073709551608
[17:02:57] [info] VERTEX: clear CommandBuffer: 18446744073709551608
[17:02:57] [info] VERTEX: 26.595234
[17:02:57] [info] VERTEX: clear CommandBuffer: 18446744073709551608
[17:02:57] [info] VERTEX: clear CommandBuffer: 18446744073709551608
[17:02:57] [info] VERTEX: 26.156307
[17:02:57] [info] VERTEX: clear CommandBuffer: 18446744073709551608
[17:02:57] [info] VERTEX: clear CommandBuffer: 18446744073709551608
[17:02:57] [info] VERTEX: 39.211273
[17:02:57] [info] VERTEX: clear CommandBuffer: 18446744073709551608
[17:02:57] [info] VERTEX: clear CommandBuffer: 18446744073709551608
[17:02:57] [info] VERTEX: 61.033485
[17:02:57] [info] VERTEX: clear CommandBuffer: 18446744073709551608
[17:02:57] [info] VERTEX: clear CommandBuffer: 18446744073709551608
[17:02:57] [info] VERTEX: 28.95379
[17:02:57] [info] VERTEX: clear CommandBuffer: 18446744073709551608
[17:02:57] [info] VERTEX: clear CommandBuffer: 18446744073709551608
[17:02:57] [info] VERTEX: 25.82717
[17:02:57] [info] VERTEX: clear CommandBuffer: 18446744073709551608
[17:02:57] [info] VERTEX: clear CommandBuffer: 18446744073709551608
[17:02:57] [info] VERTEX: 18.514872
[17:02:57] [info] VERTEX: clear CommandBuffer: 18446744073709551608
[17:02:57] [info] VERTEX: clear CommandBuffer: 18446744073709551608
[17:02:57] [info] VERTEX: 18.14866
[17:02:57] [info] VERTEX: clear CommandBuffer: 18446744073709551608
[17:02:57] [info] VERTEX: clear CommandBuffer: 18446744073709551608
[17:02:57] [info] VERTEX: 30.222893
[17:02:57] [info] VERTEX: clear CommandBuffer: 18446744073709551608
[17:02:57] [info] VERTEX: clear CommandBuffer: 18446744073709551608
[17:02:57] [info] VERTEX: 34.99937
[17:02:57] [info] VERTEX: clear CommandBuffer: 18446744073709551608
[17:02:57] [info] VERTEX: clear CommandBuffer: 18446744073709551608
[17:02:57] [info] VERTEX: 32.08184
[17:02:57] [info] VERTEX: clear CommandBuffer: 18446744073709551608
[17:02:57] [info] VERTEX: clear CommandBuffer: 18446744073709551608
