[21:20:52] [info] VERTEX: Creating window: Game (1280, 720, 1.7777778)
[21:20:52] [info] VERTEX: GLAD STATUS: 1
[21:20:52] [info] VERTEX: OpenGL Info:
[21:20:52] [info] VERTEX:   Vendor: NVIDIA Corporation
[21:20:52] [info] VERTEX:   Renderer: NVIDIA GeForce GTX 1660 SUPER/PCIe/SSE2
[21:20:52] [info] VERTEX:   Version: 4.6.0 NVIDIA 536.23
[21:20:52] [info] APP: x: 0, y: 4
[21:20:52] [info] APP: x: 1, y: 4
[21:20:52] [info] APP: x: 1, y: 3
[21:20:52] [info] APP: x: 1, y: 2
[21:20:52] [info] APP: x: 2, y: 2
[21:20:52] [info] APP: x: 3, y: 2
[21:20:52] [info] APP: x: 3, y: 3
[21:20:52] [info] APP: x: 3, y: 4
[21:20:52] [info] APP: x: 4, y: 4
[21:20:52] [info] APP: x: 5, y: 4
[21:20:52] [info] APP: x: 5, y: 3
[21:20:52] [info] APP: x: 5, y: 2
[21:20:52] [info] APP: x: 6, y: 2
[21:20:52] [info] APP: x: 7, y: 2
[21:20:52] [info] APP: x: 8, y: 2
[21:20:52] [info] APP: x: 9, y: 2
[21:20:52] [info] APP: x: 9, y: 1
[21:20:52] [info] APP: x: 10, y: 1
[21:20:52] [info] APP: x: 11, y: 1
[21:20:52] [info] APP: x: 11, y: 2
[21:20:52] [info] APP: x: 12, y: 2
[21:20:52] [info] APP: x: 13, y: 2
[21:20:52] [info] APP: x: 13, y: 1
[21:20:52] [info] APP: x: 13, y: 0
[21:20:52] [info] APP: x: 13, y: -1
[21:20:52] [info] VERTEX: 519.4009
[21:20:52] [info] APP: 0.5194009
[21:20:52] [info] VERTEX: 174.20781
[21:20:52] [info] APP: 0.1742078
[21:20:53] [info] VERTEX: 401.22028
[21:20:53] [info] APP: 0.40122026
[21:20:53] [info] VERTEX: 44.242382
[21:20:53] [info] APP: 0.044242382
[21:20:53] [info] VERTEX: 38.18083
[21:20:53] [info] APP: 0.038180828
[21:20:53] [info] VERTEX: 20.6182
[21:20:53] [info] APP: 0.0206182
[21:20:53] [info] VERTEX: 35.27367
[21:20:53] [info] APP: 0.03527367
[21:20:53] [info] VERTEX: 44.905663
[21:20:53] [info] APP: 0.044905663
[21:20:53] [info] VERTEX: 16.40165
[21:20:53] [info] APP: 0.016401649
[21:20:53] [info] VERTEX: 14.091492
[21:20:53] [info] APP: 0.014091492
[21:20:53] [info] VERTEX: 11.504412
[21:20:53] [info] APP: 0.011504412
[21:20:53] [info] VERTEX: 27.551292
[21:20:53] [info] APP: 0.027551293
[21:20:53] [info] VERTEX: 10.399103
[21:20:53] [info] APP: 0.010399103
[21:20:53] [info] VERTEX: 11.093378
[21:20:53] [info] APP: 0.011093378
[21:20:53] [info] VERTEX: 23.309826
[21:20:53] [info] APP: 0.023309827
[21:20:53] [info] VERTEX: 15.512586
[21:20:53] [info] APP: 0.015512586
[21:20:53] [info] VERTEX: 14.962435
[21:20:53] [info] APP: 0.014962435
[21:20:53] [info] VERTEX: 14.942646
[21:20:53] [info] APP: 0.014942646
[21:20:53] [info] VERTEX: 18.000841
[21:20:53] [info] APP: 0.018000841
[21:20:53] [info] VERTEX: 18.349886
[21:20:53] [info] APP: 0.018349886
[21:20:53] [info] VERTEX: 16.118526
[21:20:53] [info] APP: 0.016118526
[21:20:53] [info] VERTEX: 14.877677
[21:20:53] [info] APP: 0.014877677
[21:20:53] [info] VERTEX: 19.120098
[21:20:53] [info] APP: 0.019120097
[21:20:53] [info] VERTEX: 11.176109
[21:20:53] [info] APP: 0.011176109
[21:20:53] [info] VERTEX: 16.206741
[21:20:53] [info] APP: 0.016206741
[21:20:53] [info] VERTEX: 18.759369
[21:20:53] [info] APP: 0.01875937
[21:20:53] [info] VERTEX: 17.386078
[21:20:53] [info] APP: 0.017386079
[21:20:53] [info] VERTEX: 14.174104
[21:20:53] [info] APP: 0.014174104
[21:20:53] [info] VERTEX: 24.919987
[21:20:53] [info] APP: 0.024919987
[21:20:53] [info] VERTEX: 11.630297
[21:20:53] [info] APP: 0.011630297
[21:20:53] [info] VERTEX: 17.141104
[21:20:53] [info] APP: 0.017141104
[21:20:53] [info] VERTEX: 13.71491
[21:20:53] [info] APP: 0.01371491
[21:20:53] [info] VERTEX: 18.52119
[21:20:53] [info] APP: 0.01852119
[21:20:53] [info] VERTEX: 17.102957
[21:20:53] [info] APP: 0.017102957
[21:20:53] [info] VERTEX: 18.200874
[21:20:53] [info] APP: 0.018200874
[21:20:53] [info] VERTEX: 13.035178
[21:20:53] [info] APP: 0.013035178
[21:20:53] [info] VERTEX: 19.698025
[21:20:53] [info] APP: 0.019698024
[21:20:53] [info] VERTEX: 14.035463
[21:20:53] [info] APP: 0.014035463
[21:20:53] [info] VERTEX: 19.809364
[21:20:53] [info] APP: 0.019809365
[21:20:53] [info] VERTEX: 11.430621
[21:20:53] [info] APP: 0.011430621
[21:20:53] [info] VERTEX: 18.020748
[21:20:53] [info] APP: 0.01802075
[21:20:53] [info] VERTEX: 19.832253
[21:20:53] [info] APP: 0.019832253
[21:20:54] [info] VERTEX: 14.476538
[21:20:54] [info] APP: 0.014476538
[21:20:54] [info] VERTEX: 16.17992
[21:20:54] [info] APP: 0.01617992
[21:20:54] [info] VERTEX: 14.3072605
[21:20:54] [info] APP: 0.0143072605
[21:20:54] [info] VERTEX: 28.15032
[21:20:54] [info] APP: 0.02815032
[21:20:54] [info] VERTEX: 16.691685
[21:20:54] [info] APP: 0.016691685
[21:20:54] [info] VERTEX: 16.939999
[21:20:54] [info] APP: 0.016939998
[21:20:54] [info] VERTEX: 16.43312
[21:20:54] [info] APP: 0.01643312
[21:20:54] [info] VERTEX: 16.630531
[21:20:54] [info] APP: 0.01663053
[21:20:54] [info] VERTEX: 16.706228
[21:20:54] [info] APP: 0.016706228
[21:20:54] [info] VERTEX: 16.659142
[21:20:54] [info] APP: 0.01665914
[21:20:54] [info] VERTEX: 16.646385
[21:20:54] [info] APP: 0.016646385
[21:20:54] [info] VERTEX: 16.682863
[21:20:54] [info] APP: 0.016682863
[21:20:54] [info] VERTEX: 16.633749
[21:20:54] [info] APP: 0.016633749
[21:20:54] [info] VERTEX: 16.693592
[21:20:54] [info] APP: 0.016693592
[21:20:54] [info] VERTEX: 16.681433
[21:20:54] [info] APP: 0.016681433
[21:20:54] [info] VERTEX: 18.928051
[21:20:54] [info] APP: 0.018928051
[21:20:54] [info] VERTEX: 14.320135
[21:20:54] [info] APP: 0.014320135
[21:20:54] [info] VERTEX: 16.788006
[21:20:54] [info] APP: 0.016788006
[21:20:54] [info] VERTEX: 16.623735
[21:20:54] [info] APP: 0.016623735
[21:20:54] [info] VERTEX: 16.73317
[21:20:54] [info] APP: 0.01673317
[21:20:54] [info] VERTEX: 16.62898
[21:20:54] [info] APP: 0.01662898
[21:20:54] [info] VERTEX: 16.608238
[21:20:54] [info] APP: 0.016608238
[21:20:54] [info] VERTEX: 16.71052
[21:20:54] [info] APP: 0.01671052
[21:20:54] [info] VERTEX: 16.664267
[21:20:54] [info] APP: 0.016664267
[21:20:54] [info] VERTEX: 16.662836
[21:20:54] [info] APP: 0.016662836
[21:20:54] [info] VERTEX: 16.631365
[21:20:54] [info] APP: 0.016631365
[21:20:54] [info] VERTEX: 16.752005
[21:20:54] [info] APP: 0.016752005
[21:20:54] [info] VERTEX: 16.602516
[21:20:54] [info] APP: 0.016602516
[21:20:54] [info] VERTEX: 16.923428
[21:20:54] [info] APP: 0.016923428
[21:20:54] [info] VERTEX: 16.412973
[21:20:54] [info] APP: 0.016412973
[21:20:54] [info] VERTEX: 16.627312
[21:20:54] [info] APP: 0.016627312
[21:20:54] [info] VERTEX: 16.833067
[21:20:54] [info] APP: 0.016833067
[21:20:54] [info] VERTEX: 16.553879
[21:20:54] [info] APP: 0.016553879
[21:20:54] [info] VERTEX: 16.705513
[21:20:54] [info] APP: 0.016705513
[21:20:54] [info] VERTEX: 16.618252
[21:20:54] [info] APP: 0.016618252
[21:20:54] [info] VERTEX: 16.66832
[21:20:54] [info] APP: 0.01666832
[21:20:54] [info] VERTEX: 16.682148
[21:20:54] [info] APP: 0.016682148
[21:20:54] [info] VERTEX: 16.78729
[21:20:54] [info] APP: 0.01678729
[21:20:54] [info] VERTEX: 16.560316
[21:20:54] [info] APP: 0.016560316
[21:20:54] [info] VERTEX: 16.638994
[21:20:54] [info] APP: 0.016638994
[21:20:54] [info] VERTEX: 16.642094
[21:20:54] [info] APP: 0.016642094
[21:20:54] [info] VERTEX: 16.80851
[21:20:54] [info] APP: 0.01680851
[21:20:54] [info] VERTEX: 16.570807
[21:20:54] [info] APP: 0.016570807
[21:20:54] [info] VERTEX: 16.612768
[21:20:54] [info] APP: 0.016612768
[21:20:54] [info] VERTEX: 16.730309
[21:20:54] [info] APP: 0.016730309
[21:20:54] [info] VERTEX: 16.636848
[21:20:54] [info] APP: 0.016636848
[21:20:54] [info] VERTEX: 16.669989
[21:20:54] [info] APP: 0.016669989
[21:20:54] [info] VERTEX: 16.669989
[21:20:54] [info] APP: 0.016669989
[21:20:54] [info] VERTEX: 16.608715
[21:20:54] [info] APP: 0.016608715
[21:20:54] [info] VERTEX: 16.754866
[21:20:54] [info] APP: 0.016754866
[21:20:54] [info] VERTEX: 16.623497
[21:20:54] [info] APP: 0.016623497
[21:20:54] [info] VERTEX: 16.670942
[21:20:54] [info] APP: 0.016670942
[21:20:54] [info] VERTEX: 16.739845
[21:20:54] [info] APP: 0.016739845
[21:20:54] [info] VERTEX: 16.620874
[21:20:54] [info] APP: 0.016620874
[21:20:54] [info] VERTEX: 16.66975
[21:20:54] [info] APP: 0.01666975
[21:20:54] [info] VERTEX: 16.651869
[21:20:54] [info] APP: 0.016651869
[21:20:54] [info] VERTEX: 16.666412
[21:20:54] [info] APP: 0.016666412
[21:20:54] [info] VERTEX: 16.633749
[21:20:54] [info] APP: 0.016633749
[21:20:54] [info] VERTEX: 16.700745
[21:20:54] [info] APP: 0.016700745
[21:20:55] [info] VERTEX: 16.712666
[21:20:55] [info] APP: 0.016712666
[21:20:55] [info] VERTEX: 16.650677
[21:20:55] [info] APP: 0.016650677
[21:20:55] [info] VERTEX: 16.689062
[21:20:55] [info] APP: 0.016689062
[21:20:55] [info] VERTEX: 16.590834
[21:20:55] [info] APP: 0.016590834
[21:20:55] [info] VERTEX: 16.701221
[21:20:55] [info] APP: 0.016701221
[21:20:55] [info] VERTEX: 16.630411
[21:20:55] [info] APP: 0.016630411
[21:20:55] [info] VERTEX: 16.712427
[21:20:55] [info] APP: 0.016712427
[21:20:55] [info] VERTEX: 16.687632
[21:20:55] [info] APP: 0.016687632
[21:20:55] [info] VERTEX: 16.611576
[21:20:55] [info] APP: 0.016611576
[21:20:55] [info] VERTEX: 17.177582
[21:20:55] [info] APP: 0.017177582
[21:20:55] [info] VERTEX: 16.091585
[21:20:55] [info] APP: 0.016091585
[21:20:55] [info] VERTEX: 16.704082
[21:20:55] [info] APP: 0.016704082
[21:20:55] [info] VERTEX: 16.63065
[21:20:55] [info] APP: 0.01663065
[21:20:55] [info] VERTEX: 16.747713
[21:20:55] [info] APP: 0.016747713
[21:20:55] [info] VERTEX: 16.593933
[21:20:55] [info] APP: 0.016593933
[21:20:55] [info] VERTEX: 16.70289
[21:20:55] [info] APP: 0.01670289
[21:20:55] [info] VERTEX: 16.711473
[21:20:55] [info] APP: 0.016711473
[21:20:55] [info] VERTEX: 16.654253
[21:20:55] [info] APP: 0.016654253
[21:20:55] [info] VERTEX: 16.626596
[21:20:55] [info] APP: 0.016626596
[21:20:55] [info] VERTEX: 16.652822
[21:20:55] [info] APP: 0.016652822
[21:20:55] [info] VERTEX: 16.682625
[21:20:55] [info] APP: 0.016682625
[21:20:55] [info] VERTEX: 16.669512
[21:20:55] [info] APP: 0.016669512
[21:20:55] [info] VERTEX: 16.695261
[21:20:55] [info] APP: 0.016695261
[21:20:55] [info] VERTEX: 16.644716
[21:20:55] [info] APP: 0.016644716
[21:20:55] [info] VERTEX: 16.695023
[21:20:55] [info] APP: 0.016695023
[21:20:55] [info] VERTEX: 16.644478
[21:20:55] [info] APP: 0.016644478
[21:20:55] [info] VERTEX: 16.80851
[21:20:55] [info] APP: 0.01680851
[21:20:55] [info] VERTEX: 16.637802
[21:20:55] [info] APP: 0.016637802
[21:20:55] [info] VERTEX: 16.588926
[21:20:55] [info] APP: 0.016588926
[21:20:55] [info] VERTEX: 16.66236
[21:20:55] [info] APP: 0.01666236
[21:20:55] [info] VERTEX: 16.624212
[21:20:55] [info] APP: 0.016624212
[21:20:55] [info] VERTEX: 16.66975
[21:20:55] [info] APP: 0.01666975
[21:20:55] [info] VERTEX: 16.664743
[21:20:55] [info] APP: 0.016664743
[21:20:55] [info] VERTEX: 16.707659
[21:20:55] [info] APP: 0.016707659
[21:20:55] [info] VERTEX: 16.622066
[21:20:55] [info] APP: 0.016622066
[21:20:55] [info] VERTEX: 16.699314
[21:20:55] [info] APP: 0.016699314
[21:20:55] [info] VERTEX: 16.675234
[21:20:55] [info] APP: 0.016675234
[21:20:55] [info] VERTEX: 16.6533
[21:20:55] [info] APP: 0.0166533
[21:20:55] [info] VERTEX: 16.815424
[21:20:55] [info] APP: 0.016815424
[21:20:55] [info] VERTEX: 16.63971
[21:20:55] [info] APP: 0.01663971
[21:20:55] [info] VERTEX: 16.547441
[21:20:55] [info] APP: 0.016547441
[21:20:55] [info] VERTEX: 16.634226
[21:20:55] [info] APP: 0.016634226
[21:20:55] [info] VERTEX: 16.731024
[21:20:55] [info] APP: 0.016731024
[21:20:55] [info] VERTEX: 16.637802
[21:20:55] [info] APP: 0.016637802
[21:20:55] [info] VERTEX: 16.746521
[21:20:55] [info] APP: 0.016746521
[21:20:55] [info] VERTEX: 16.670704
[21:20:55] [info] APP: 0.016670704
[21:20:55] [info] VERTEX: 16.575098
[21:20:55] [info] APP: 0.016575098
[21:20:55] [info] VERTEX: 16.750097
[21:20:55] [info] APP: 0.016750097
[21:20:55] [info] VERTEX: 16.642094
[21:20:55] [info] APP: 0.016642094
[21:20:55] [info] VERTEX: 16.65783
[21:20:55] [info] APP: 0.01665783
[21:20:55] [info] VERTEX: 16.617537
[21:20:55] [info] APP: 0.016617537
[21:20:55] [info] VERTEX: 16.718388
[21:20:55] [info] APP: 0.016718388
[21:20:55] [info] VERTEX: 16.709566
[21:20:55] [info] APP: 0.016709566
[21:20:55] [info] VERTEX: 16.617537
[21:20:55] [info] APP: 0.016617537
[21:20:55] [info] VERTEX: 16.685009
[21:20:55] [info] APP: 0.016685009
[21:20:55] [info] VERTEX: 16.625643
[21:20:55] [info] APP: 0.016625643
[21:20:55] [info] VERTEX: 16.737938
[21:20:55] [info] APP: 0.016737938
[21:20:55] [info] VERTEX: 16.68334
[21:20:55] [info] APP: 0.01668334
[21:20:55] [info] VERTEX: 16.573668
[21:20:55] [info] APP: 0.016573668
[21:20:55] [info] VERTEX: 16.715527
[21:20:55] [info] APP: 0.016715527
[21:20:56] [info] VERTEX: 16.70289
[21:20:56] [info] APP: 0.01670289
[21:20:56] [info] VERTEX: 16.543865
[21:20:56] [info] APP: 0.016543865
[21:20:56] [info] VERTEX: 16.824484
[21:20:56] [info] APP: 0.016824484
[21:20:56] [info] VERTEX: 16.56437
[21:20:56] [info] APP: 0.01656437
[21:20:56] [info] VERTEX: 16.674995
[21:20:56] [info] APP: 0.016674995
[21:20:56] [info] VERTEX: 16.612291
[21:20:56] [info] APP: 0.016612291
[21:20:56] [info] VERTEX: 16.667366
[21:20:56] [info] APP: 0.016667366
[21:20:56] [info] VERTEX: 16.706467
[21:20:56] [info] APP: 0.016706467
[21:20:56] [info] VERTEX: 16.641378
[21:20:56] [info] APP: 0.016641378
[21:20:56] [info] VERTEX: 16.652346
[21:20:56] [info] APP: 0.016652346
[21:20:56] [info] VERTEX: 16.702175
[21:20:56] [info] APP: 0.016702175
[21:20:56] [info] VERTEX: 16.758442
[21:20:56] [info] APP: 0.016758442
[21:20:56] [info] VERTEX: 16.579151
[21:20:56] [info] APP: 0.016579151
[21:20:56] [info] VERTEX: 16.626358
[21:20:56] [info] APP: 0.016626358
[21:20:56] [info] VERTEX: 16.672134
[21:20:56] [info] APP: 0.016672134
[21:20:56] [info] VERTEX: 16.767025
[21:20:56] [info] APP: 0.016767025
[21:20:56] [info] VERTEX: 16.581535
[21:20:56] [info] APP: 0.016581535
[21:20:56] [info] VERTEX: 16.723633
[21:20:56] [info] APP: 0.016723633
[21:20:56] [info] VERTEX: 16.634941
[21:20:56] [info] APP: 0.016634941
[21:20:56] [info] VERTEX: 16.65163
[21:20:56] [info] APP: 0.01665163
[21:20:56] [info] VERTEX: 16.752243
[21:20:56] [info] APP: 0.016752243
[21:20:56] [info] VERTEX: 16.623497
[21:20:56] [info] APP: 0.016623497
[21:20:56] [info] VERTEX: 16.633987
[21:20:56] [info] APP: 0.016633987
[21:20:56] [info] VERTEX: 16.665936
[21:20:56] [info] APP: 0.016665936
[21:20:56] [info] VERTEX: 16.65306
[21:20:56] [info] APP: 0.01665306
[21:20:56] [info] VERTEX: 16.673565
[21:20:56] [info] APP: 0.016673565
[21:20:56] [info] VERTEX: 16.756535
[21:20:56] [info] APP: 0.016756535
[21:20:56] [info] VERTEX: 16.652584
[21:20:56] [info] APP: 0.016652584
[21:20:56] [info] VERTEX: 16.63351
[21:20:56] [info] APP: 0.01663351
[21:20:56] [info] VERTEX: 16.6502
[21:20:56] [info] APP: 0.0166502
[21:20:56] [info] VERTEX: 16.693115
[21:20:56] [info] APP: 0.016693115
[21:20:56] [info] VERTEX: 16.69693
[21:20:56] [info] APP: 0.01669693
[21:20:56] [info] VERTEX: 16.65306
[21:20:56] [info] APP: 0.01665306
[21:20:56] [info] VERTEX: 16.681194
[21:20:56] [info] APP: 0.016681194
[21:20:56] [info] VERTEX: 16.571999
[21:20:56] [info] APP: 0.016571999
[21:20:56] [info] VERTEX: 16.71791
[21:20:56] [info] APP: 0.01671791
[21:20:56] [info] VERTEX: 16.627312
[21:20:56] [info] APP: 0.016627312
[21:20:56] [info] VERTEX: 16.667843
[21:20:56] [info] APP: 0.016667843
[21:20:56] [info] VERTEX: 16.665936
[21:20:56] [info] APP: 0.016665936
[21:20:56] [info] VERTEX: 16.718864
[21:20:56] [info] APP: 0.016718864
[21:20:56] [info] VERTEX: 16.633987
[21:20:56] [info] APP: 0.016633987
[21:20:56] [info] VERTEX: 16.707897
[21:20:56] [info] APP: 0.016707897
[21:20:56] [info] VERTEX: 16.704082
[21:20:56] [info] APP: 0.016704082
[21:20:56] [info] VERTEX: 16.617298
[21:20:56] [info] APP: 0.016617298
[21:20:56] [info] VERTEX: 16.654015
[21:20:56] [info] APP: 0.016654015
[21:20:56] [info] VERTEX: 16.729832
[21:20:56] [info] APP: 0.016729832
[21:20:56] [info] VERTEX: 16.608238
[21:20:56] [info] APP: 0.016608238
[21:20:56] [info] VERTEX: 16.67881
[21:20:56] [info] APP: 0.01667881
[21:20:56] [info] VERTEX: 16.617775
[21:20:56] [info] APP: 0.016617775
[21:20:56] [info] VERTEX: 16.79945
[21:20:56] [info] APP: 0.01679945
[21:20:56] [info] VERTEX: 16.610146
[21:20:56] [info] APP: 0.016610146
[21:20:56] [info] VERTEX: 16.618252
[21:20:56] [info] APP: 0.016618252
[21:20:56] [info] VERTEX: 16.654968
[21:20:56] [info] APP: 0.016654968
[21:20:56] [info] VERTEX: 16.678333
[21:20:56] [info] APP: 0.016678333
[21:20:56] [info] VERTEX: 16.684532
[21:20:56] [info] APP: 0.016684532
[21:20:56] [info] VERTEX: 16.618252
[21:20:56] [info] APP: 0.016618252
[21:20:56] [info] VERTEX: 16.77084
[21:20:56] [info] APP: 0.01677084
[21:20:56] [info] VERTEX: 16.6049
[21:20:56] [info] APP: 0.0166049
[21:20:56] [info] VERTEX: 16.67881
[21:20:56] [info] APP: 0.01667881
[21:20:56] [info] VERTEX: 16.633987
[21:20:56] [info] APP: 0.016633987
[21:20:57] [info] VERTEX: 16.706467
[21:20:57] [info] APP: 0.016706467
[21:20:57] [info] VERTEX: 16.597748
[21:20:57] [info] APP: 0.016597748
[21:20:57] [info] VERTEX: 16.71791
[21:20:57] [info] APP: 0.01671791
[21:20:57] [info] VERTEX: 16.81757
[21:20:57] [info] APP: 0.01681757
[21:20:57] [info] VERTEX: 16.492367
[21:20:57] [info] APP: 0.016492367
[21:20:57] [info] VERTEX: 16.686916
[21:20:57] [info] APP: 0.016686916
[21:20:57] [info] VERTEX: 16.702652
[21:20:57] [info] APP: 0.016702652
[21:20:57] [info] VERTEX: 16.70456
[21:20:57] [info] APP: 0.01670456
[21:20:57] [info] VERTEX: 16.658306
[21:20:57] [info] APP: 0.016658306
[21:20:57] [info] VERTEX: 16.640663
[21:20:57] [info] APP: 0.016640663
[21:20:57] [info] VERTEX: 16.652584
[21:20:57] [info] APP: 0.016652584
[21:20:57] [info] VERTEX: 16.645908
[21:20:57] [info] APP: 0.016645908
[21:20:57] [info] VERTEX: 16.796112
[21:20:57] [info] APP: 0.016796112
[21:20:57] [info] VERTEX: 16.505718
[21:20:57] [info] APP: 0.016505718
[21:20:57] [info] VERTEX: 16.699314
[21:20:57] [info] APP: 0.016699314
[21:20:57] [info] VERTEX: 16.689777
[21:20:57] [info] APP: 0.016689777
[21:20:57] [info] VERTEX: 16.693115
[21:20:57] [info] APP: 0.016693115
[21:20:57] [info] VERTEX: 16.62922
[21:20:57] [info] APP: 0.016629219
[21:20:57] [info] VERTEX: 16.671658
[21:20:57] [info] APP: 0.016671658
[21:20:57] [info] VERTEX: 16.769886
[21:20:57] [info] APP: 0.016769886
[21:20:57] [info] VERTEX: 16.56437
[21:20:57] [info] APP: 0.01656437
[21:20:57] [info] VERTEX: 16.757011
[21:20:57] [info] APP: 0.016757011
[21:20:57] [info] VERTEX: 16.615868
[21:20:57] [info] APP: 0.016615868
[21:20:57] [info] VERTEX: 16.599178
[21:20:57] [info] APP: 0.016599178
[21:20:57] [info] VERTEX: 16.687393
[21:20:57] [info] APP: 0.016687393
[21:20:57] [info] VERTEX: 16.644955
[21:20:57] [info] APP: 0.016644955
[21:20:57] [info] VERTEX: 16.689777
[21:20:57] [info] APP: 0.016689777
[21:20:57] [info] VERTEX: 16.647339
[21:20:57] [info] APP: 0.016647339
[21:20:57] [info] VERTEX: 16.65783
[21:20:57] [info] APP: 0.01665783
[21:20:57] [info] VERTEX: 16.702652
[21:20:57] [info] APP: 0.016702652
[21:20:57] [info] VERTEX: 16.706467
[21:20:57] [info] APP: 0.016706467
[21:20:57] [info] VERTEX: 16.676903
[21:20:57] [info] APP: 0.016676903
[21:20:57] [info] VERTEX: 16.638756
[21:20:57] [info] APP: 0.016638756
[21:20:57] [info] VERTEX: 16.728878
[21:20:57] [info] APP: 0.016728878
[21:20:57] [info] VERTEX: 16.745567
[21:20:57] [info] APP: 0.016745567
[21:20:57] [info] VERTEX: 16.510963
[21:20:57] [info] APP: 0.016510963
[21:20:57] [info] VERTEX: 16.714096
[21:20:57] [info] APP: 0.016714096
[21:20:57] [info] VERTEX: 16.629696
[21:20:57] [info] APP: 0.016629696
[21:20:57] [info] VERTEX: 16.646385
[21:20:57] [info] APP: 0.016646385
[21:20:57] [info] VERTEX: 16.716957
[21:20:57] [info] APP: 0.016716957
[21:20:57] [info] VERTEX: 16.597271
[21:20:57] [info] APP: 0.016597271
[21:20:57] [info] VERTEX: 16.730785
[21:20:57] [info] APP: 0.016730785
[21:20:57] [info] VERTEX: 16.65926
[21:20:57] [info] APP: 0.01665926
[21:20:57] [info] VERTEX: 16.801834
[21:20:57] [info] APP: 0.016801834
[21:20:57] [info] VERTEX: 16.622543
[21:20:57] [info] APP: 0.016622543
[21:20:57] [info] VERTEX: 16.600132
[21:20:57] [info] APP: 0.016600132
[21:20:57] [info] VERTEX: 16.628265
[21:20:57] [info] APP: 0.016628265
[21:20:57] [info] VERTEX: 16.688347
[21:20:57] [info] APP: 0.016688347
[21:20:57] [info] VERTEX: 16.702652
[21:20:57] [info] APP: 0.016702652
[21:20:57] [info] VERTEX: 16.59298
[21:20:57] [info] APP: 0.01659298
[21:20:57] [info] VERTEX: 16.694546
[21:20:57] [info] APP: 0.016694546
[21:20:57] [info] VERTEX: 16.673565
[21:20:57] [info] APP: 0.016673565
[21:20:57] [info] VERTEX: 16.637325
[21:20:57] [info] APP: 0.016637325
[21:20:57] [info] VERTEX: 16.685963
[21:20:57] [info] APP: 0.016685963
[21:20:57] [info] VERTEX: 16.731262
[21:20:57] [info] APP: 0.016731262
[21:20:57] [info] VERTEX: 16.63065
[21:20:57] [info] APP: 0.01663065
[21:20:57] [info] VERTEX: 16.608238
[21:20:57] [info] APP: 0.016608238
[21:20:57] [info] VERTEX: 16.785622
[21:20:57] [info] APP: 0.016785622
[21:20:57] [info] VERTEX: 16.574383
[21:20:57] [info] APP: 0.016574383
[21:20:57] [info] VERTEX: 16.64877
[21:20:57] [info] APP: 0.01664877
[21:20:58] [info] VERTEX: 16.809464
[21:20:58] [info] APP: 0.016809464
[21:20:58] [info] VERTEX: 16.562939
[21:20:58] [info] APP: 0.016562939
[21:20:58] [info] VERTEX: 16.661167
[21:20:58] [info] APP: 0.016661167
[21:20:58] [info] VERTEX: 16.6502
[21:20:58] [info] APP: 0.0166502
[21:20:58] [info] VERTEX: 16.679287
[21:20:58] [info] APP: 0.016679287
[21:20:58] [info] VERTEX: 16.655922
[21:20:58] [info] APP: 0.016655922
[21:20:58] [info] VERTEX: 16.813755
[21:20:58] [info] APP: 0.016813755
[21:20:58] [info] VERTEX: 16.614437
[21:20:58] [info] APP: 0.016614437
[21:20:58] [info] VERTEX: 16.563416
[21:20:58] [info] APP: 0.016563416
[21:20:58] [info] VERTEX: 16.68024
[21:20:58] [info] APP: 0.01668024
[21:20:58] [info] VERTEX: 16.621113
[21:20:58] [info] APP: 0.016621113
[21:20:58] [info] VERTEX: 16.688347
[21:20:58] [info] APP: 0.016688347
[21:20:58] [info] VERTEX: 16.717434
[21:20:58] [info] APP: 0.016717434
[21:20:58] [info] VERTEX: 16.679764
[21:20:58] [info] APP: 0.016679764
[21:20:58] [info] VERTEX: 16.622066
[21:20:58] [info] APP: 0.016622066
[21:20:58] [info] VERTEX: 16.701221
[21:20:58] [info] APP: 0.016701221
[21:20:58] [info] VERTEX: 16.627789
[21:20:58] [info] APP: 0.016627789
[21:20:58] [info] VERTEX: 16.702652
[21:20:58] [info] APP: 0.016702652
[21:20:58] [info] VERTEX: 16.752243
[21:20:58] [info] APP: 0.016752243
[21:20:58] [info] VERTEX: 16.525745
[21:20:58] [info] APP: 0.016525745
[21:20:58] [info] VERTEX: 16.710758
[21:20:58] [info] APP: 0.016710758
[21:20:58] [info] VERTEX: 16.71505
[21:20:58] [info] APP: 0.01671505
[21:20:58] [info] VERTEX: 16.743183
[21:20:58] [info] APP: 0.016743183
[21:20:58] [info] VERTEX: 16.546726
[21:20:58] [info] APP: 0.016546726
[21:20:58] [info] VERTEX: 16.726494
[21:20:58] [info] APP: 0.016726494
[21:20:58] [info] VERTEX: 16.58535
[21:20:58] [info] APP: 0.01658535
[21:20:58] [info] VERTEX: 16.681194
[21:20:58] [info] APP: 0.016681194
[21:20:58] [info] VERTEX: 16.678333
[21:20:58] [info] APP: 0.016678333
[21:20:58] [info] VERTEX: 16.641617
[21:20:58] [info] APP: 0.016641617
[21:20:58] [info] VERTEX: 16.81757
[21:20:58] [info] APP: 0.01681757
[21:20:58] [info] VERTEX: 16.643524
[21:20:58] [info] APP: 0.016643524
[21:20:58] [info] VERTEX: 16.585827
[21:20:58] [info] APP: 0.016585827
[21:20:58] [info] VERTEX: 16.663074
[21:20:58] [info] APP: 0.016663074
[21:20:58] [info] VERTEX: 16.70599
[21:20:58] [info] APP: 0.01670599
[21:20:58] [info] VERTEX: 16.596794
[21:20:58] [info] APP: 0.016596794
[21:20:58] [info] VERTEX: 16.658783
[21:20:58] [info] APP: 0.016658783
[21:20:58] [info] VERTEX: 16.741276
[21:20:58] [info] APP: 0.016741276
[21:20:58] [info] VERTEX: 16.66832
[21:20:58] [info] APP: 0.01666832
[21:20:58] [info] VERTEX: 16.714573
[21:20:58] [info] APP: 0.016714573
[21:20:58] [info] VERTEX: 16.658306
[21:20:58] [info] APP: 0.016658306
[21:20:58] [info] VERTEX: 16.670227
[21:20:58] [info] APP: 0.016670227
[21:20:58] [info] VERTEX: 16.603947
[21:20:58] [info] APP: 0.016603947
[21:20:58] [info] VERTEX: 16.76941
[21:20:58] [info] APP: 0.01676941
[21:20:58] [info] VERTEX: 16.56437
[21:20:58] [info] APP: 0.01656437
[21:20:58] [info] VERTEX: 16.646862
[21:20:58] [info] APP: 0.016646862
[21:20:58] [info] VERTEX: 16.66212
[21:20:58] [info] APP: 0.01666212
[21:20:58] [info] VERTEX: 16.6111
[21:20:58] [info] APP: 0.0166111
[21:20:58] [info] VERTEX: 16.705513
[21:20:58] [info] APP: 0.016705513
[21:20:58] [info] VERTEX: 16.69836
[21:20:58] [info] APP: 0.01669836
[21:20:58] [info] VERTEX: 16.642094
[21:20:58] [info] APP: 0.016642094
[21:20:58] [info] VERTEX: 16.747952
[21:20:58] [info] APP: 0.016747952
[21:20:58] [info] VERTEX: 16.61253
[21:20:58] [info] APP: 0.01661253
[21:20:58] [info] VERTEX: 16.670704
[21:20:58] [info] APP: 0.016670704
[21:20:58] [info] VERTEX: 16.716957
[21:20:58] [info] APP: 0.016716957
[21:20:58] [info] VERTEX: 16.735077
[21:20:58] [info] APP: 0.016735077
[21:20:58] [info] VERTEX: 16.524792
[21:20:58] [info] APP: 0.016524792
[21:20:58] [info] VERTEX: 16.665936
[21:20:58] [info] APP: 0.016665936
[21:20:58] [info] VERTEX: 16.674519
[21:20:58] [info] APP: 0.016674519
[21:20:58] [info] VERTEX: 16.643047
[21:20:58] [info] APP: 0.016643047
[21:20:58] [info] VERTEX: 16.703606
[21:20:58] [info] APP: 0.016703606
[21:20:59] [info] VERTEX: 16.725063
[21:20:59] [info] APP: 0.016725063
[21:20:59] [info] VERTEX: 16.582966
[21:20:59] [info] APP: 0.016582966
[21:20:59] [info] VERTEX: 16.718864
[21:20:59] [info] APP: 0.016718864
[21:20:59] [info] VERTEX: 16.814232
[21:20:59] [info] APP: 0.016814232
[21:20:59] [info] VERTEX: 16.460896
[21:20:59] [info] APP: 0.016460896
[21:20:59] [info] VERTEX: 16.718388
[21:20:59] [info] APP: 0.016718388
[21:20:59] [info] VERTEX: 16.823292
[21:20:59] [info] APP: 0.016823292
[21:20:59] [info] VERTEX: 16.49952
[21:20:59] [info] APP: 0.01649952
[21:20:59] [info] VERTEX: 16.636372
[21:20:59] [info] APP: 0.016636372
[21:20:59] [info] VERTEX: 16.695023
[21:20:59] [info] APP: 0.016695023
[21:20:59] [info] VERTEX: 16.676426
[21:20:59] [info] APP: 0.016676426
[21:20:59] [info] VERTEX: 16.65783
[21:20:59] [info] APP: 0.01665783
[21:20:59] [info] VERTEX: 16.650677
[21:20:59] [info] APP: 0.016650677
[21:20:59] [info] VERTEX: 16.634464
[21:20:59] [info] APP: 0.016634464
[21:20:59] [info] VERTEX: 16.685009
[21:20:59] [info] APP: 0.016685009
[21:20:59] [info] VERTEX: 16.742706
[21:20:59] [info] APP: 0.016742706
[21:20:59] [info] VERTEX: 16.592026
[21:20:59] [info] APP: 0.016592026
[21:20:59] [info] VERTEX: 16.870022
[21:20:59] [info] APP: 0.016870022
[21:20:59] [info] VERTEX: 16.575813
[21:20:59] [info] APP: 0.016575813
[21:20:59] [info] VERTEX: 16.557693
[21:20:59] [info] APP: 0.016557693
[21:20:59] [info] VERTEX: 16.744614
[21:20:59] [info] APP: 0.016744614
[21:20:59] [info] VERTEX: 16.616344
[21:20:59] [info] APP: 0.016616344
[21:20:59] [info] VERTEX: 16.664505
[21:20:59] [info] APP: 0.016664505
[21:20:59] [info] VERTEX: 16.646862
[21:20:59] [info] APP: 0.016646862
[21:20:59] [info] VERTEX: 16.700745
[21:20:59] [info] APP: 0.016700745
[21:20:59] [info] VERTEX: 16.62922
[21:20:59] [info] APP: 0.016629219
[21:20:59] [info] VERTEX: 16.712189
[21:20:59] [info] APP: 0.016712189
[21:20:59] [info] VERTEX: 16.688824
[21:20:59] [info] APP: 0.016688824
[21:20:59] [info] VERTEX: 16.619682
[21:20:59] [info] APP: 0.016619682
[21:20:59] [info] VERTEX: 16.701698
[21:20:59] [info] APP: 0.016701698
[21:20:59] [info] VERTEX: 16.743183
[21:20:59] [info] APP: 0.016743183
[21:20:59] [info] VERTEX: 16.572952
[21:20:59] [info] APP: 0.016572952
[21:20:59] [info] VERTEX: 16.696453
[21:20:59] [info] APP: 0.016696453
[21:20:59] [info] VERTEX: 16.643524
[21:20:59] [info] APP: 0.016643524
[21:20:59] [info] VERTEX: 16.605854
[21:20:59] [info] APP: 0.016605854
[21:20:59] [info] VERTEX: 16.730309
[21:20:59] [info] APP: 0.016730309
[21:20:59] [info] VERTEX: 16.623974
[21:20:59] [info] APP: 0.016623974
[21:20:59] [info] VERTEX: 16.678333
[21:20:59] [info] APP: 0.016678333
[21:20:59] [info] VERTEX: 16.759872
[21:20:59] [info] APP: 0.016759872
[21:20:59] [info] VERTEX: 16.682625
[21:20:59] [info] APP: 0.016682625
[21:20:59] [info] VERTEX: 16.590595
[21:20:59] [info] APP: 0.016590595
[21:20:59] [info] VERTEX: 16.711235
[21:20:59] [info] APP: 0.016711235
[21:20:59] [info] VERTEX: 16.609192
[21:20:59] [info] APP: 0.016609192
[21:20:59] [info] VERTEX: 16.741753
[21:20:59] [info] APP: 0.016741753
[21:20:59] [info] VERTEX: 16.592503
[21:20:59] [info] APP: 0.016592503
[21:20:59] [info] VERTEX: 16.674519
[21:20:59] [info] APP: 0.016674519
[21:20:59] [info] VERTEX: 16.63208
[21:20:59] [info] APP: 0.01663208
[21:20:59] [info] VERTEX: 16.750813
[21:20:59] [info] APP: 0.016750813
[21:20:59] [info] VERTEX: 16.668797
[21:20:59] [info] APP: 0.016668797
[21:20:59] [info] VERTEX: 16.569138
[21:20:59] [info] APP: 0.016569138
[21:20:59] [info] VERTEX: 16.681194
[21:20:59] [info] APP: 0.016681194
[21:20:59] [info] VERTEX: 16.767025
[21:20:59] [info] APP: 0.016767025
[21:20:59] [info] VERTEX: 16.735077
[21:20:59] [info] APP: 0.016735077
[21:20:59] [info] VERTEX: 16.5267
[21:20:59] [info] APP: 0.016526699
[21:20:59] [info] VERTEX: 16.786098
[21:20:59] [info] APP: 0.016786098
[21:20:59] [info] VERTEX: 16.530037
[21:20:59] [info] APP: 0.016530037
[21:20:59] [info] VERTEX: 16.753197
[21:20:59] [info] APP: 0.016753197
[21:20:59] [info] VERTEX: 16.620636
[21:20:59] [info] APP: 0.016620636
[21:20:59] [info] VERTEX: 16.601086
[21:20:59] [info] APP: 0.016601086
[21:20:59] [info] VERTEX: 16.742706
[21:20:59] [info] APP: 0.016742706
[21:21:00] [info] VERTEX: 16.70742
[21:21:00] [info] APP: 0.01670742
[21:21:00] [info] VERTEX: 16.660213
[21:21:00] [info] APP: 0.016660213
[21:21:00] [info] VERTEX: 16.674995
[21:21:00] [info] APP: 0.016674995
[21:21:00] [info] VERTEX: 16.6893
[21:21:00] [info] APP: 0.0166893
[21:21:00] [info] VERTEX: 16.601562
[21:21:00] [info] APP: 0.016601562
[21:21:00] [info] VERTEX: 16.624928
[21:21:00] [info] APP: 0.016624928
[21:21:00] [info] VERTEX: 16.793251
[21:21:00] [info] APP: 0.016793251
[21:21:00] [info] VERTEX: 16.65926
[21:21:00] [info] APP: 0.01665926
[21:21:00] [info] VERTEX: 16.536713
[21:21:00] [info] APP: 0.016536713
[21:21:00] [info] VERTEX: 16.7799
[21:21:00] [info] APP: 0.0167799
[21:21:00] [info] VERTEX: 16.634464
[21:21:00] [info] APP: 0.016634464
[21:21:00] [info] VERTEX: 16.640663
[21:21:00] [info] APP: 0.016640663
[21:21:00] [info] VERTEX: 16.711235
[21:21:00] [info] APP: 0.016711235
[21:21:00] [info] VERTEX: 16.631126
[21:21:00] [info] APP: 0.016631126
[21:21:00] [info] VERTEX: 16.685486
[21:21:00] [info] APP: 0.016685486
[21:21:00] [info] VERTEX: 16.654968
[21:21:00] [info] APP: 0.016654968
[21:21:00] [info] VERTEX: 16.676903
[21:21:00] [info] APP: 0.016676903
[21:21:00] [info] VERTEX: 16.698837
[21:21:00] [info] APP: 0.016698837
[21:21:00] [info] VERTEX: 16.628265
[21:21:00] [info] APP: 0.016628265
[21:21:00] [info] VERTEX: 16.691208
[21:21:00] [info] APP: 0.016691208
[21:21:00] [info] VERTEX: 16.59584
[21:21:00] [info] APP: 0.01659584
[21:21:00] [info] VERTEX: 16.712189
[21:21:00] [info] APP: 0.016712189
[21:21:00] [info] VERTEX: 16.680717
[21:21:00] [info] APP: 0.016680717
[21:21:00] [info] VERTEX: 16.601562
[21:21:00] [info] APP: 0.016601562
[21:21:00] [info] VERTEX: 16.697884
[21:21:00] [info] APP: 0.016697884
[21:21:00] [info] VERTEX: 16.60347
[21:21:00] [info] APP: 0.01660347
[21:21:00] [info] VERTEX: 16.701698
[21:21:00] [info] APP: 0.016701698
[21:21:00] [info] VERTEX: 16.683578
[21:21:00] [info] APP: 0.016683578
[21:21:00] [info] VERTEX: 16.665459
[21:21:00] [info] APP: 0.016665459
[21:21:00] [info] VERTEX: 16.645432
[21:21:00] [info] APP: 0.016645432
[21:21:00] [info] VERTEX: 16.79802
[21:21:00] [info] APP: 0.01679802
[21:21:00] [info] VERTEX: 16.592026
[21:21:00] [info] APP: 0.016592026
[21:21:00] [info] VERTEX: 16.667366
[21:21:00] [info] APP: 0.016667366
[21:21:00] [info] VERTEX: 16.713142
[21:21:00] [info] APP: 0.016713142
[21:21:00] [info] VERTEX: 16.627312
[21:21:00] [info] APP: 0.016627312
[21:21:00] [info] VERTEX: 16.633034
[21:21:00] [info] APP: 0.016633034
[21:21:00] [info] VERTEX: 16.647339
[21:21:00] [info] APP: 0.016647339
[21:21:00] [info] VERTEX: 16.727448
[21:21:00] [info] APP: 0.016727448
[21:21:00] [info] VERTEX: 16.640663
[21:21:00] [info] APP: 0.016640663
[21:21:00] [info] VERTEX: 16.67881
[21:21:00] [info] APP: 0.01667881
[21:21:00] [info] VERTEX: 16.67118
[21:21:00] [info] APP: 0.01667118
[21:21:00] [info] VERTEX: 16.667366
[21:21:00] [info] APP: 0.016667366
[21:21:00] [info] VERTEX: 16.759872
[21:21:00] [info] APP: 0.016759872
[21:21:00] [info] VERTEX: 16.557693
[21:21:00] [info] APP: 0.016557693
[21:21:00] [info] VERTEX: 16.670227
[21:21:00] [info] APP: 0.016670227
[21:21:00] [info] VERTEX: 16.654968
[21:21:00] [info] APP: 0.016654968
[21:21:00] [info] VERTEX: 16.652107
[21:21:00] [info] APP: 0.016652107
[21:21:00] [info] VERTEX: 16.699791
[21:21:00] [info] APP: 0.016699791
[21:21:00] [info] VERTEX: 16.647339
[21:21:00] [info] APP: 0.016647339
[21:21:00] [info] VERTEX: 16.649246
[21:21:00] [info] APP: 0.016649246
[21:21:00] [info] VERTEX: 16.67881
[21:21:00] [info] APP: 0.01667881
[21:21:00] [info] VERTEX: 16.78276
[21:21:00] [info] APP: 0.01678276
[21:21:00] [info] VERTEX: 16.523361
[21:21:00] [info] APP: 0.016523361
[21:21:00] [info] VERTEX: 16.798973
[21:21:00] [info] APP: 0.016798973
[21:21:00] [info] VERTEX: 16.615868
[21:21:00] [info] APP: 0.016615868
[21:21:00] [info] VERTEX: 16.633034
[21:21:00] [info] APP: 0.016633034
[21:21:00] [info] VERTEX: 16.691208
[21:21:00] [info] APP: 0.016691208
[21:21:00] [info] VERTEX: 16.648293
[21:21:00] [info] APP: 0.016648293
[21:21:00] [info] VERTEX: 16.638756
[21:21:00] [info] APP: 0.016638756
[21:21:00] [info] VERTEX: 16.69693
[21:21:00] [info] APP: 0.01669693
[21:21:01] [info] VERTEX: 16.73603
[21:21:01] [info] APP: 0.01673603
[21:21:01] [info] VERTEX: 16.547203
[21:21:01] [info] APP: 0.016547203
[21:21:01] [info] VERTEX: 16.690254
[21:21:01] [info] APP: 0.016690254
[21:21:01] [info] VERTEX: 16.698837
[21:21:01] [info] APP: 0.016698837
[21:21:01] [info] VERTEX: 16.757965
[21:21:01] [info] APP: 0.016757965
[21:21:01] [info] VERTEX: 16.56437
[21:21:01] [info] APP: 0.01656437
[21:21:01] [info] VERTEX: 16.67118
[21:21:01] [info] APP: 0.01667118
[21:21:01] [info] VERTEX: 16.646385
[21:21:01] [info] APP: 0.016646385
[21:21:01] [info] VERTEX: 16.661644
[21:21:01] [info] APP: 0.016661644
[21:21:01] [info] VERTEX: 16.719818
[21:21:01] [info] APP: 0.016719818
[21:21:01] [info] VERTEX: 16.60347
[21:21:01] [info] APP: 0.01660347
[21:21:01] [info] VERTEX: 16.710281
[21:21:01] [info] APP: 0.016710281
[21:21:01] [info] VERTEX: 16.701698
[21:21:01] [info] APP: 0.016701698
[21:21:01] [info] VERTEX: 16.614914
[21:21:01] [info] APP: 0.016614914
[21:21:01] [info] VERTEX: 16.708374
[21:21:01] [info] APP: 0.016708374
[21:21:01] [info] VERTEX: 16.65783
[21:21:01] [info] APP: 0.01665783
[21:21:01] [info] VERTEX: 16.6893
[21:21:01] [info] APP: 0.0166893
[21:21:01] [info] VERTEX: 16.746521
[21:21:01] [info] APP: 0.016746521
[21:21:01] [info] VERTEX: 16.594887
[21:21:01] [info] APP: 0.016594887
[21:21:01] [info] VERTEX: 16.654015
[21:21:01] [info] APP: 0.016654015
[21:21:01] [info] VERTEX: 16.728401
[21:21:01] [info] APP: 0.016728401
[21:21:01] [info] VERTEX: 16.597748
[21:21:01] [info] APP: 0.016597748
[21:21:01] [info] VERTEX: 16.645432
[21:21:01] [info] APP: 0.016645432
[21:21:01] [info] VERTEX: 16.67881
[21:21:01] [info] APP: 0.01667881
[21:21:01] [info] VERTEX: 16.721725
[21:21:01] [info] APP: 0.016721725
[21:21:01] [info] VERTEX: 16.57772
[21:21:01] [info] APP: 0.01657772
[21:21:01] [info] VERTEX: 16.695976
[21:21:01] [info] APP: 0.016695976
[21:21:01] [info] VERTEX: 16.731262
[21:21:01] [info] APP: 0.016731262
[21:21:01] [info] VERTEX: 16.674042
[21:21:01] [info] APP: 0.016674042
[21:21:01] [info] VERTEX: 16.597748
[21:21:01] [info] APP: 0.016597748
[21:21:01] [info] VERTEX: 16.714096
[21:21:01] [info] APP: 0.016714096
[21:21:01] [info] VERTEX: 16.584396
[21:21:01] [info] APP: 0.016584396
[21:21:01] [info] VERTEX: 16.697884
[21:21:01] [info] APP: 0.016697884
[21:21:01] [info] VERTEX: 16.693115
[21:21:01] [info] APP: 0.016693115
[21:21:01] [info] VERTEX: 16.622543
[21:21:01] [info] APP: 0.016622543
[21:21:01] [info] VERTEX: 16.66832
[21:21:01] [info] APP: 0.01666832
[21:21:01] [info] VERTEX: 16.700745
[21:21:01] [info] APP: 0.016700745
[21:21:01] [info] VERTEX: 16.641617
[21:21:01] [info] APP: 0.016641617
[21:21:01] [info] VERTEX: 16.71791
[21:21:01] [info] APP: 0.01671791
[21:21:01] [info] VERTEX: 16.699791
[21:21:01] [info] APP: 0.016699791
[21:21:01] [info] VERTEX: 16.625404
[21:21:01] [info] APP: 0.016625404
[21:21:01] [info] VERTEX: 16.648293
[21:21:01] [info] APP: 0.016648293
[21:21:01] [info] VERTEX: 16.726494
[21:21:01] [info] APP: 0.016726494
[21:21:01] [info] VERTEX: 16.59298
[21:21:01] [info] APP: 0.01659298
[21:21:01] [info] VERTEX: 16.694069
[21:21:01] [info] APP: 0.016694069
[21:21:01] [info] VERTEX: 16.714096
[21:21:01] [info] APP: 0.016714096
[21:21:01] [info] VERTEX: 16.6111
[21:21:01] [info] APP: 0.0166111
[21:21:01] [info] VERTEX: 16.65783
[21:21:01] [info] APP: 0.01665783
[21:21:01] [info] VERTEX: 16.680717
[21:21:01] [info] APP: 0.016680717
[21:21:01] [info] VERTEX: 16.625404
[21:21:01] [info] APP: 0.016625404
[21:21:01] [info] VERTEX: 16.679764
[21:21:01] [info] APP: 0.016679764
[21:21:01] [info] VERTEX: 17.09938
[21:21:01] [info] APP: 0.01709938
[21:21:01] [info] VERTEX: 16.300201
[21:21:01] [info] APP: 0.016300201
[21:21:01] [info] VERTEX: 16.670227
[21:21:01] [info] APP: 0.016670227
[21:21:01] [info] VERTEX: 16.604424
[21:21:01] [info] APP: 0.016604424
[21:21:01] [info] VERTEX: 16.721725
[21:21:01] [info] APP: 0.016721725
[21:21:01] [info] VERTEX: 16.631126
[21:21:01] [info] APP: 0.016631126
[21:21:01] [info] VERTEX: 16.711235
[21:21:01] [info] APP: 0.016711235
[21:21:01] [info] VERTEX: 16.626358
[21:21:01] [info] APP: 0.016626358
[21:21:01] [info] VERTEX: 16.644478
[21:21:01] [info] APP: 0.016644478
[21:21:02] [info] VERTEX: 16.781807
[21:21:02] [info] APP: 0.016781807
[21:21:02] [info] VERTEX: 16.614914
[21:21:02] [info] APP: 0.016614914
[21:21:02] [info] VERTEX: 16.643524
[21:21:02] [info] APP: 0.016643524
[21:21:02] [info] VERTEX: 16.62445
[21:21:02] [info] APP: 0.01662445
[21:21:02] [info] VERTEX: 16.868591
[21:21:02] [info] APP: 0.016868591
[21:21:02] [info] VERTEX: 16.522408
[21:21:02] [info] APP: 0.016522408
[21:21:02] [info] VERTEX: 16.670227
[21:21:02] [info] APP: 0.016670227
[21:21:02] [info] VERTEX: 16.644478
[21:21:02] [info] APP: 0.016644478
[21:21:02] [info] VERTEX: 16.649246
[21:21:02] [info] APP: 0.016649246
[21:21:02] [info] VERTEX: 16.694069
[21:21:02] [info] APP: 0.016694069
[21:21:02] [info] VERTEX: 16.620636
[21:21:02] [info] APP: 0.016620636
[21:21:02] [info] VERTEX: 16.702652
[21:21:02] [info] APP: 0.016702652
[21:21:02] [info] VERTEX: 16.649246
[21:21:02] [info] APP: 0.016649246
[21:21:02] [info] VERTEX: 16.71791
[21:21:02] [info] APP: 0.01671791
[21:21:02] [info] VERTEX: 16.594887
[21:21:02] [info] APP: 0.016594887
[21:21:02] [info] VERTEX: 16.683578
[21:21:02] [info] APP: 0.016683578
[21:21:02] [info] VERTEX: 16.651154
[21:21:02] [info] APP: 0.016651154
[21:21:02] [info] VERTEX: 16.730309
[21:21:02] [info] APP: 0.016730309
[21:21:02] [info] VERTEX: 16.694069
[21:21:02] [info] APP: 0.016694069
[21:21:02] [info] VERTEX: 16.656876
[21:21:02] [info] APP: 0.016656876
[21:21:02] [info] VERTEX: 16.656876
[21:21:02] [info] APP: 0.016656876
[21:21:02] [info] VERTEX: 16.623497
[21:21:02] [info] APP: 0.016623497
[21:21:02] [info] VERTEX: 16.661644
[21:21:02] [info] APP: 0.016661644
[21:21:02] [info] VERTEX: 16.688347
[21:21:02] [info] APP: 0.016688347
[21:21:02] [info] VERTEX: 16.687393
[21:21:02] [info] APP: 0.016687393
[21:21:02] [info] VERTEX: 16.67118
[21:21:02] [info] APP: 0.01667118
[21:21:02] [info] VERTEX: 16.620636
[21:21:02] [info] APP: 0.016620636
[21:21:02] [info] VERTEX: 16.735077
[21:21:02] [info] APP: 0.016735077
[21:21:02] [info] VERTEX: 16.597748
[21:21:02] [info] APP: 0.016597748
[21:21:02] [info] VERTEX: 16.735077
[21:21:02] [info] APP: 0.016735077
[21:21:02] [info] VERTEX: 16.666412
[21:21:02] [info] APP: 0.016666412
[21:21:02] [info] VERTEX: 16.683578
[21:21:02] [info] APP: 0.016683578
[21:21:02] [info] VERTEX: 16.662598
[21:21:02] [info] APP: 0.016662598
[21:21:02] [info] VERTEX: 16.633034
[21:21:02] [info] APP: 0.016633034
[21:21:02] [info] VERTEX: 16.640663
[21:21:02] [info] APP: 0.016640663
[21:21:02] [info] VERTEX: 16.640663
[21:21:02] [info] APP: 0.016640663
[21:21:02] [info] VERTEX: 16.762733
[21:21:02] [info] APP: 0.016762733
[21:21:02] [info] VERTEX: 16.586304
[21:21:02] [info] APP: 0.016586304
[21:21:02] [info] VERTEX: 16.651154
[21:21:02] [info] APP: 0.016651154
[21:21:02] [info] VERTEX: 16.762733
[21:21:02] [info] APP: 0.016762733
[21:21:02] [info] VERTEX: 16.586304
[21:21:02] [info] APP: 0.016586304
[21:21:02] [info] VERTEX: 16.741753
[21:21:02] [info] APP: 0.016741753
[21:21:02] [info] VERTEX: 16.630173
[21:21:02] [info] APP: 0.016630173
[21:21:02] [info] VERTEX: 16.659737
[21:21:02] [info] APP: 0.016659737
[21:21:02] [info] VERTEX: 16.669273
[21:21:02] [info] APP: 0.016669273
[21:21:02] [info] VERTEX: 16.659737
[21:21:02] [info] APP: 0.016659737
[21:21:02] [info] VERTEX: 16.64257
[21:21:02] [info] APP: 0.01664257
[21:21:02] [info] VERTEX: 16.637802
[21:21:02] [info] APP: 0.016637802
[21:21:02] [info] VERTEX: 16.690254
[21:21:02] [info] APP: 0.016690254
[21:21:02] [info] VERTEX: 16.641617
[21:21:02] [info] APP: 0.016641617
[21:21:02] [info] VERTEX: 16.740799
[21:21:02] [info] APP: 0.016740799
[21:21:02] [info] VERTEX: 16.612053
[21:21:02] [info] APP: 0.016612053
[21:21:02] [info] VERTEX: 16.738892
[21:21:02] [info] APP: 0.016738892
[21:21:02] [info] VERTEX: 16.645432
[21:21:02] [info] APP: 0.016645432
[21:21:02] [info] VERTEX: 16.669273
[21:21:02] [info] APP: 0.016669273
[21:21:02] [info] VERTEX: 16.620636
[21:21:02] [info] APP: 0.016620636
[21:21:02] [info] VERTEX: 16.72554
[21:21:02] [info] APP: 0.01672554
[21:21:02] [info] VERTEX: 16.711235
[21:21:02] [info] APP: 0.016711235
[21:21:02] [info] VERTEX: 16.654015
[21:21:02] [info] APP: 0.016654015
[21:21:02] [info] VERTEX: 16.614914
[21:21:02] [info] APP: 0.016614914
[21:21:03] [info] VERTEX: 16.723633
[21:21:03] [info] APP: 0.016723633
[21:21:03] [info] VERTEX: 16.56723
[21:21:03] [info] APP: 0.01656723
[21:21:03] [info] VERTEX: 16.735077
[21:21:03] [info] APP: 0.016735077
[21:21:03] [info] VERTEX: 16.656876
[21:21:03] [info] APP: 0.016656876
[21:21:03] [info] VERTEX: 16.66832
[21:21:03] [info] APP: 0.01666832
[21:21:03] [info] VERTEX: 16.793251
[21:21:03] [info] APP: 0.016793251
[21:21:03] [info] VERTEX: 16.563416
[21:21:03] [info] APP: 0.016563416
[21:21:03] [info] VERTEX: 16.62922
[21:21:03] [info] APP: 0.016629219
[21:21:03] [info] VERTEX: 16.736984
[21:21:03] [info] APP: 0.016736984
[21:21:03] [info] VERTEX: 16.630173
[21:21:03] [info] APP: 0.016630173
[21:21:03] [info] VERTEX: 16.635895
[21:21:03] [info] APP: 0.016635895
[21:21:03] [info] VERTEX: 16.643524
[21:21:03] [info] APP: 0.016643524
[21:21:03] [info] VERTEX: 16.71791
[21:21:03] [info] APP: 0.01671791
[21:21:03] [info] VERTEX: 16.618729
[21:21:03] [info] APP: 0.016618729
[21:21:03] [info] VERTEX: 16.702652
[21:21:03] [info] APP: 0.016702652
[21:21:03] [info] VERTEX: 16.64257
[21:21:03] [info] APP: 0.01664257
[21:21:03] [info] VERTEX: 16.720772
[21:21:03] [info] APP: 0.016720772
[21:21:03] [info] VERTEX: 16.645432
[21:21:03] [info] APP: 0.016645432
[21:21:03] [info] VERTEX: 16.664505
[21:21:03] [info] APP: 0.016664505
[21:21:03] [info] VERTEX: 16.640663
[21:21:03] [info] APP: 0.016640663
[21:21:03] [info] VERTEX: 16.691208
[21:21:03] [info] APP: 0.016691208
[21:21:03] [info] VERTEX: 16.67118
[21:21:03] [info] APP: 0.01667118
[21:21:03] [info] VERTEX: 16.71791
[21:21:03] [info] APP: 0.01671791
[21:21:03] [info] VERTEX: 16.74366
[21:21:03] [info] APP: 0.01674366
[21:21:03] [info] VERTEX: 16.654968
[21:21:03] [info] APP: 0.016654968
[21:21:03] [info] VERTEX: 16.525269
[21:21:03] [info] APP: 0.016525269
[21:21:03] [info] VERTEX: 16.676903
[21:21:03] [info] APP: 0.016676903
[21:21:03] [info] VERTEX: 16.726494
[21:21:03] [info] APP: 0.016726494
[21:21:03] [info] VERTEX: 16.618729
[21:21:03] [info] APP: 0.016618729
[21:21:03] [info] VERTEX: 16.698837
[21:21:03] [info] APP: 0.016698837
[21:21:03] [info] VERTEX: 16.691208
[21:21:03] [info] APP: 0.016691208
[21:21:03] [info] VERTEX: 16.673088
[21:21:03] [info] APP: 0.016673088
[21:21:03] [info] VERTEX: 16.652107
[21:21:03] [info] APP: 0.016652107
[21:21:03] [info] VERTEX: 16.627312
[21:21:03] [info] APP: 0.016627312
[21:21:03] [info] VERTEX: 16.67118
[21:21:03] [info] APP: 0.01667118
[21:21:03] [info] VERTEX: 16.6893
[21:21:03] [info] APP: 0.0166893
[21:21:03] [info] VERTEX: 16.667366
[21:21:03] [info] APP: 0.016667366
[21:21:03] [info] VERTEX: 16.601562
[21:21:03] [info] APP: 0.016601562
[21:21:03] [info] VERTEX: 16.656876
[21:21:03] [info] APP: 0.016656876
[21:21:03] [info] VERTEX: 16.759872
[21:21:03] [info] APP: 0.016759872
[21:21:03] [info] VERTEX: 16.654968
[21:21:03] [info] APP: 0.016654968
[21:21:03] [info] VERTEX: 16.633987
[21:21:03] [info] APP: 0.016633987
[21:21:03] [info] VERTEX: 16.67118
[21:21:03] [info] APP: 0.01667118
[21:21:03] [info] VERTEX: 16.63971
[21:21:03] [info] APP: 0.01663971
[21:21:03] [info] VERTEX: 16.674042
[21:21:03] [info] APP: 0.016674042
[21:21:03] [info] VERTEX: 16.752243
[21:21:03] [info] APP: 0.016752243
[21:21:03] [info] VERTEX: 16.554832
[21:21:03] [info] APP: 0.016554832
[21:21:03] [info] VERTEX: 16.763687
[21:21:03] [info] APP: 0.016763687
[21:21:03] [info] VERTEX: 16.636848
[21:21:03] [info] APP: 0.016636848
[21:21:03] [info] VERTEX: 16.634941
[21:21:03] [info] APP: 0.016634941
[21:21:03] [info] VERTEX: 16.649246
[21:21:03] [info] APP: 0.016649246
[21:21:03] [info] VERTEX: 16.720772
[21:21:03] [info] APP: 0.016720772
[21:21:03] [info] VERTEX: 16.716957
[21:21:03] [info] APP: 0.016716957
[21:21:03] [info] VERTEX: 16.673088
[21:21:03] [info] APP: 0.016673088
[21:21:03] [info] VERTEX: 16.646385
[21:21:03] [info] APP: 0.016646385
[21:21:03] [info] VERTEX: 16.551971
[21:21:03] [info] APP: 0.016551971
[21:21:03] [info] VERTEX: 16.67881
[21:21:03] [info] APP: 0.01667881
[21:21:03] [info] VERTEX: 16.672134
[21:21:03] [info] APP: 0.016672134
[21:21:03] [info] VERTEX: 18.361092
[21:21:03] [info] APP: 0.018361092
[21:21:03] [info] VERTEX: 15.065193
[21:21:03] [info] APP: 0.015065193
[21:21:04] [info] VERTEX: 16.6893
[21:21:04] [info] APP: 0.0166893
[21:21:04] [info] VERTEX: 16.690254
[21:21:04] [info] APP: 0.016690254
[21:21:04] [info] VERTEX: 16.542435
[21:21:04] [info] APP: 0.016542435
[21:21:04] [info] VERTEX: 16.718864
[21:21:04] [info] APP: 0.016718864
[21:21:04] [info] VERTEX: 16.666412
[21:21:04] [info] APP: 0.016666412
[21:21:04] [info] VERTEX: 16.652107
[21:21:04] [info] APP: 0.016652107
[21:21:04] [info] VERTEX: 16.80851
[21:21:04] [info] APP: 0.01680851
[21:21:04] [info] VERTEX: 16.516685
[21:21:04] [info] APP: 0.016516685
[21:21:04] [info] VERTEX: 16.68644
[21:21:04] [info] APP: 0.01668644
[21:21:04] [info] VERTEX: 16.702652
[21:21:04] [info] APP: 0.016702652
[21:21:04] [info] VERTEX: 16.59584
[21:21:04] [info] APP: 0.01659584
[21:21:04] [info] VERTEX: 16.67881
[21:21:04] [info] APP: 0.01667881
[21:21:04] [info] VERTEX: 16.734123
[21:21:04] [info] APP: 0.016734123
[21:21:04] [info] VERTEX: 16.575813
[21:21:04] [info] APP: 0.016575813
[21:21:04] [info] VERTEX: 16.848564
[21:21:04] [info] APP: 0.016848564
[21:21:04] [info] VERTEX: 16.514778
[21:21:04] [info] APP: 0.016514778
[21:21:04] [info] VERTEX: 16.634941
[21:21:04] [info] APP: 0.016634941
[21:21:04] [info] VERTEX: 16.861916
[21:21:04] [info] APP: 0.016861916
[21:21:04] [info] VERTEX: 16.553879
[21:21:04] [info] APP: 0.016553879
[21:21:04] [info] VERTEX: 16.709328
[21:21:04] [info] APP: 0.016709328
[21:21:04] [info] VERTEX: 16.582489
[21:21:04] [info] APP: 0.016582489
[21:21:04] [info] VERTEX: 16.697884
[21:21:04] [info] APP: 0.016697884
[21:21:04] [info] VERTEX: 16.64257
[21:21:04] [info] APP: 0.01664257
[21:21:04] [info] VERTEX: 16.67118
[21:21:04] [info] APP: 0.01667118
[21:21:04] [info] VERTEX: 16.655922
[21:21:04] [info] APP: 0.016655922
[21:21:04] [info] VERTEX: 16.625404
[21:21:04] [info] APP: 0.016625404
[21:21:04] [info] VERTEX: 16.79039
[21:21:04] [info] APP: 0.01679039
[21:21:04] [info] VERTEX: 16.596794
[21:21:04] [info] APP: 0.016596794
[21:21:04] [info] VERTEX: 16.614914
[21:21:04] [info] APP: 0.016614914
[21:21:04] [info] VERTEX: 16.67595
[21:21:04] [info] APP: 0.01667595
[21:21:04] [info] VERTEX: 16.700745
[21:21:04] [info] APP: 0.016700745
[21:21:04] [info] VERTEX: 16.681671
[21:21:04] [info] APP: 0.016681671
[21:21:04] [info] VERTEX: 16.67881
[21:21:04] [info] APP: 0.01667881
[21:21:04] [info] VERTEX: 16.65783
[21:21:04] [info] APP: 0.01665783
[21:21:04] [info] VERTEX: 16.622543
[21:21:04] [info] APP: 0.016622543
[21:21:04] [info] VERTEX: 16.721725
[21:21:04] [info] APP: 0.016721725
[21:21:04] [info] VERTEX: 16.662598
[21:21:04] [info] APP: 0.016662598
[21:21:04] [info] VERTEX: 16.74366
[21:21:04] [info] APP: 0.01674366
[21:21:04] [info] VERTEX: 16.59298
[21:21:04] [info] APP: 0.01659298
[21:21:04] [info] VERTEX: 16.633034
[21:21:04] [info] APP: 0.016633034
[21:21:04] [info] VERTEX: 16.713142
[21:21:04] [info] APP: 0.016713142
[21:21:04] [info] VERTEX: 16.596794
[21:21:04] [info] APP: 0.016596794
[21:21:04] [info] VERTEX: 16.778946
[21:21:04] [info] APP: 0.016778946
[21:21:04] [info] VERTEX: 16.604424
[21:21:04] [info] APP: 0.016604424
[21:21:04] [info] VERTEX: 16.665459
[21:21:04] [info] APP: 0.016665459
[21:21:04] [info] VERTEX: 16.76941
[21:21:04] [info] APP: 0.01676941
[21:21:04] [info] VERTEX: 16.602516
[21:21:04] [info] APP: 0.016602516
[21:21:04] [info] VERTEX: 16.614914
[21:21:04] [info] APP: 0.016614914
[21:21:04] [info] VERTEX: 16.674995
[21:21:04] [info] APP: 0.016674995
[21:21:04] [info] VERTEX: 16.674042
[21:21:04] [info] APP: 0.016674042
[21:21:04] [info] VERTEX: 16.637802
[21:21:04] [info] APP: 0.016637802
[21:21:04] [info] VERTEX: 16.664505
[21:21:04] [info] APP: 0.016664505
[21:21:04] [info] VERTEX: 16.714096
[21:21:04] [info] APP: 0.016714096
[21:21:04] [info] VERTEX: 19.438744
[21:21:04] [info] APP: 0.019438744
[21:21:04] [info] VERTEX: 13.920784
[21:21:04] [info] APP: 0.013920784
[21:21:04] [info] VERTEX: 16.589165
[21:21:04] [info] APP: 0.016589165
[21:21:04] [info] VERTEX: 16.661644
[21:21:04] [info] APP: 0.016661644
[21:21:04] [info] VERTEX: 16.67595
[21:21:04] [info] APP: 0.01667595
[21:21:04] [info] VERTEX: 16.774178
[21:21:04] [info] APP: 0.016774178
[21:21:04] [info] VERTEX: 16.60347
[21:21:04] [info] APP: 0.01660347
[21:21:05] [info] VERTEX: 16.741753
[21:21:05] [info] APP: 0.016741753
[21:21:05] [info] VERTEX: 16.633034
[21:21:05] [info] APP: 0.016633034
[21:21:05] [info] VERTEX: 16.690254
[21:21:05] [info] APP: 0.016690254
[21:21:05] [info] VERTEX: 16.631126
[21:21:05] [info] APP: 0.016631126
[21:21:05] [info] VERTEX: 16.719818
[21:21:05] [info] APP: 0.016719818
[21:21:05] [info] VERTEX: 16.618729
[21:21:05] [info] APP: 0.016618729
[21:21:05] [info] VERTEX: 16.658783
[21:21:05] [info] APP: 0.016658783
[21:21:05] [info] VERTEX: 16.752243
[21:21:05] [info] APP: 0.016752243
[21:21:05] [info] VERTEX: 16.552925
[21:21:05] [info] APP: 0.016552925
[21:21:05] [info] VERTEX: 16.724586
[21:21:05] [info] APP: 0.016724586
[21:21:05] [info] VERTEX: 16.619682
[21:21:05] [info] APP: 0.016619682
[21:21:05] [info] VERTEX: 16.712189
[21:21:05] [info] APP: 0.016712189
[21:21:05] [info] VERTEX: 16.645432
[21:21:05] [info] APP: 0.016645432
[21:21:05] [info] VERTEX: 16.634941
[21:21:05] [info] APP: 0.016634941
[21:21:05] [info] VERTEX: 16.617775
[21:21:05] [info] APP: 0.016617775
[21:21:05] [info] VERTEX: 16.770363
[21:21:05] [info] APP: 0.016770363
[21:21:05] [info] VERTEX: 16.63208
[21:21:05] [info] APP: 0.01663208
[21:21:05] [info] VERTEX: 16.6111
[21:21:05] [info] APP: 0.0166111
[21:21:05] [info] VERTEX: 16.760826
[21:21:05] [info] APP: 0.016760826
[21:21:05] [info] VERTEX: 16.59298
[21:21:05] [info] APP: 0.01659298
[21:21:05] [info] VERTEX: 16.67881
[21:21:05] [info] APP: 0.01667881
[21:21:05] [info] VERTEX: 16.728401
[21:21:05] [info] APP: 0.016728401
[21:21:05] [info] VERTEX: 16.59584
[21:21:05] [info] APP: 0.01659584
[21:21:05] [info] VERTEX: 16.664505
[21:21:05] [info] APP: 0.016664505
[21:21:05] [info] VERTEX: 16.747475
[21:21:05] [info] APP: 0.016747475
[21:21:05] [info] VERTEX: 16.652107
[21:21:05] [info] APP: 0.016652107
[21:21:05] [info] VERTEX: 16.575813
[21:21:05] [info] APP: 0.016575813
[21:21:05] [info] VERTEX: 16.77227
[21:21:05] [info] APP: 0.01677227
[21:21:05] [info] VERTEX: 16.545296
[21:21:05] [info] APP: 0.016545296
[21:21:05] [info] VERTEX: 16.71505
[21:21:05] [info] APP: 0.01671505
[21:21:05] [info] VERTEX: 16.71791
[21:21:05] [info] APP: 0.01671791
[21:21:05] [info] VERTEX: 16.634941
[21:21:05] [info] APP: 0.016634941
[21:21:05] [info] VERTEX: 16.623497
[21:21:05] [info] APP: 0.016623497
[21:21:05] [info] VERTEX: 16.712189
[21:21:05] [info] APP: 0.016712189
[21:21:05] [info] VERTEX: 16.679764
[21:21:05] [info] APP: 0.016679764
[21:21:05] [info] VERTEX: 16.666412
[21:21:05] [info] APP: 0.016666412
[21:21:05] [info] VERTEX: 16.644478
[21:21:05] [info] APP: 0.016644478
[21:21:05] [info] VERTEX: 16.759872
[21:21:05] [info] APP: 0.016759872
[21:21:05] [info] VERTEX: 16.57486
[21:21:05] [info] APP: 0.01657486
[21:21:05] [info] VERTEX: 16.727448
[21:21:05] [info] APP: 0.016727448
[21:21:05] [info] VERTEX: 16.592026
[21:21:05] [info] APP: 0.016592026
[21:21:05] [info] VERTEX: 16.672134
[21:21:05] [info] APP: 0.016672134
[21:21:05] [info] VERTEX: 16.748428
[21:21:05] [info] APP: 0.016748428
[21:21:05] [info] VERTEX: 16.6893
[21:21:05] [info] APP: 0.0166893
[21:21:05] [info] VERTEX: 16.670227
[21:21:05] [info] APP: 0.016670227
[21:21:05] [info] VERTEX: 16.68644
[21:21:05] [info] APP: 0.01668644
[21:21:05] [info] VERTEX: 16.581535
[21:21:05] [info] APP: 0.016581535
[21:21:05] [info] VERTEX: 16.680717
[21:21:05] [info] APP: 0.016680717
[21:21:05] [info] VERTEX: 16.618729
[21:21:05] [info] APP: 0.016618729
[21:21:05] [info] VERTEX: 16.708374
[21:21:05] [info] APP: 0.016708374
[21:21:05] [info] VERTEX: 16.647339
[21:21:05] [info] APP: 0.016647339
[21:21:05] [info] VERTEX: 16.735077
[21:21:05] [info] APP: 0.016735077
[21:21:05] [info] VERTEX: 16.641617
[21:21:05] [info] APP: 0.016641617
[21:21:05] [info] VERTEX: 16.752243
[21:21:05] [info] APP: 0.016752243
[21:21:05] [info] VERTEX: 16.625404
[21:21:05] [info] APP: 0.016625404
[21:21:05] [info] VERTEX: 16.516685
[21:21:05] [info] APP: 0.016516685
[21:21:05] [info] VERTEX: 16.673088
[21:21:05] [info] APP: 0.016673088
[21:21:05] [info] VERTEX: 16.775131
[21:21:05] [info] APP: 0.016775131
[21:21:05] [info] VERTEX: 16.571999
[21:21:05] [info] APP: 0.016571999
[21:21:05] [info] VERTEX: 16.789436
[21:21:05] [info] APP: 0.016789436
[21:21:06] [info] VERTEX: 16.665459
[21:21:06] [info] APP: 0.016665459
[21:21:06] [info] VERTEX: 16.581535
[21:21:06] [info] APP: 0.016581535
[21:21:06] [info] VERTEX: 16.695976
[21:21:06] [info] APP: 0.016695976
[21:21:06] [info] VERTEX: 16.697884
[21:21:06] [info] APP: 0.016697884
[21:21:06] [info] VERTEX: 16.651154
[21:21:06] [info] APP: 0.016651154
[21:21:06] [info] VERTEX: 16.65783
[21:21:06] [info] APP: 0.01665783
[21:21:06] [info] VERTEX: 16.684532
[21:21:06] [info] APP: 0.016684532
[21:21:06] [info] VERTEX: 16.652107
[21:21:06] [info] APP: 0.016652107
[21:21:06] [info] VERTEX: 16.634941
[21:21:06] [info] APP: 0.016634941
[21:21:06] [info] VERTEX: 16.683578
[21:21:06] [info] APP: 0.016683578
[21:21:06] [info] VERTEX: 16.728401
[21:21:06] [info] APP: 0.016728401
[21:21:06] [info] VERTEX: 16.592026
[21:21:06] [info] APP: 0.016592026
[21:21:06] [info] VERTEX: 16.694069
[21:21:06] [info] APP: 0.016694069
[21:21:06] [info] VERTEX: 16.62922
[21:21:06] [info] APP: 0.016629219
[21:21:06] [info] VERTEX: 16.736984
[21:21:06] [info] APP: 0.016736984
[21:21:06] [info] VERTEX: 16.596794
[21:21:06] [info] APP: 0.016596794
[21:21:06] [info] VERTEX: 16.708374
[21:21:06] [info] APP: 0.016708374
[21:21:06] [info] VERTEX: 16.6502
[21:21:06] [info] APP: 0.0166502
[21:21:06] [info] VERTEX: 16.691208
[21:21:06] [info] APP: 0.016691208
[21:21:06] [info] VERTEX: 16.60633
[21:21:06] [info] APP: 0.01660633
[21:21:06] [info] VERTEX: 16.724586
[21:21:06] [info] APP: 0.016724586
[21:21:06] [info] VERTEX: 16.669273
[21:21:06] [info] APP: 0.016669273
[21:21:06] [info] VERTEX: 16.679764
[21:21:06] [info] APP: 0.016679764
[21:21:06] [info] VERTEX: 16.597748
[21:21:06] [info] APP: 0.016597748
[21:21:06] [info] VERTEX: 16.703606
[21:21:06] [info] APP: 0.016703606
[21:21:06] [info] VERTEX: 16.695023
[21:21:06] [info] APP: 0.016695023
[21:21:06] [info] VERTEX: 16.748428
[21:21:06] [info] APP: 0.016748428
[21:21:06] [info] VERTEX: 16.560555
[21:21:06] [info] APP: 0.016560555
[21:21:06] [info] VERTEX: 16.658783
[21:21:06] [info] APP: 0.016658783
[21:21:06] [info] VERTEX: 16.67881
[21:21:06] [info] APP: 0.01667881
[21:21:06] [info] VERTEX: 16.651154
[21:21:06] [info] APP: 0.016651154
[21:21:06] [info] VERTEX: 16.616821
[21:21:06] [info] APP: 0.016616821
[21:21:06] [info] VERTEX: 16.702652
[21:21:06] [info] APP: 0.016702652
[21:21:06] [info] VERTEX: 16.777992
[21:21:06] [info] APP: 0.016777992
[21:21:06] [info] VERTEX: 16.630173
[21:21:06] [info] APP: 0.016630173
[21:21:06] [info] VERTEX: 16.605377
[21:21:06] [info] APP: 0.016605377
[21:21:06] [info] VERTEX: 16.677856
[21:21:06] [info] APP: 0.016677856
[21:21:06] [info] VERTEX: 16.700745
[21:21:06] [info] APP: 0.016700745
[21:21:06] [info] VERTEX: 16.649246
[21:21:06] [info] APP: 0.016649246
[21:21:06] [info] VERTEX: 16.640663
[21:21:06] [info] APP: 0.016640663
[21:21:06] [info] VERTEX: 16.710281
[21:21:06] [info] APP: 0.016710281
[21:21:06] [info] VERTEX: 16.61396
[21:21:06] [info] APP: 0.01661396
[21:21:06] [info] VERTEX: 16.691208
[21:21:06] [info] APP: 0.016691208
[21:21:06] [info] VERTEX: 16.666412
[21:21:06] [info] APP: 0.016666412
[21:21:06] [info] VERTEX: 16.647339
[21:21:06] [info] APP: 0.016647339
[21:21:06] [info] VERTEX: 16.691208
[21:21:06] [info] APP: 0.016691208
[21:21:06] [info] VERTEX: 16.695023
[21:21:06] [info] APP: 0.016695023
[21:21:06] [info] VERTEX: 16.637802
[21:21:06] [info] APP: 0.016637802
[21:21:06] [info] VERTEX: 16.798973
[21:21:06] [info] APP: 0.016798973
[21:21:06] [info] VERTEX: 16.548157
[21:21:06] [info] APP: 0.016548157
[21:21:06] [info] VERTEX: 16.67118
[21:21:06] [info] APP: 0.01667118
[21:21:06] [info] VERTEX: 16.716957
[21:21:06] [info] APP: 0.016716957
[21:21:06] [info] VERTEX: 16.812325
[21:21:06] [info] APP: 0.016812325
[21:21:06] [info] VERTEX: 16.477585
[21:21:06] [info] APP: 0.016477585
[21:21:06] [info] VERTEX: 16.716003
[21:21:06] [info] APP: 0.016716003
[21:21:06] [info] VERTEX: 16.597748
[21:21:06] [info] APP: 0.016597748
[21:21:06] [info] VERTEX: 16.652107
[21:21:06] [info] APP: 0.016652107
[21:21:06] [info] VERTEX: 16.718864
[21:21:06] [info] APP: 0.016718864
[21:21:06] [info] VERTEX: 16.641617
[21:21:06] [info] APP: 0.016641617
[21:21:06] [info] VERTEX: 16.649246
[21:21:06] [info] APP: 0.016649246
[21:21:07] [info] VERTEX: 16.726494
[21:21:07] [info] APP: 0.016726494
[21:21:07] [info] VERTEX: 16.586304
[21:21:07] [info] APP: 0.016586304
[21:21:07] [info] VERTEX: 16.784668
[21:21:07] [info] APP: 0.016784668
[21:21:07] [info] VERTEX: 16.698837
[21:21:07] [info] APP: 0.016698837
[21:21:07] [info] VERTEX: 16.573906
[21:21:07] [info] APP: 0.016573906
[21:21:07] [info] VERTEX: 16.652107
[21:21:07] [info] APP: 0.016652107
[21:21:07] [info] VERTEX: 16.758919
[21:21:07] [info] APP: 0.016758919
[21:21:07] [info] VERTEX: 16.586304
[21:21:07] [info] APP: 0.016586304
[21:21:07] [info] VERTEX: 16.661644
[21:21:07] [info] APP: 0.016661644
[21:21:07] [info] VERTEX: 16.720772
[21:21:07] [info] APP: 0.016720772
[21:21:07] [info] VERTEX: 16.588211
[21:21:07] [info] APP: 0.016588211
[21:21:07] [info] VERTEX: 16.67595
[21:21:07] [info] APP: 0.01667595
[21:21:07] [info] VERTEX: 16.724586
[21:21:07] [info] APP: 0.016724586
[21:21:07] [info] VERTEX: 16.647339
[21:21:07] [info] APP: 0.016647339
[21:21:07] [info] VERTEX: 16.643524
[21:21:07] [info] APP: 0.016643524
[21:21:07] [info] VERTEX: 16.684532
[21:21:07] [info] APP: 0.016684532
[21:21:07] [info] VERTEX: 16.619682
[21:21:07] [info] APP: 0.016619682
[21:21:07] [info] VERTEX: 16.718864
[21:21:07] [info] APP: 0.016718864
[21:21:07] [info] VERTEX: 16.669273
[21:21:07] [info] APP: 0.016669273
[21:21:07] [info] VERTEX: 16.633987
[21:21:07] [info] APP: 0.016633987
[21:21:07] [info] VERTEX: 16.633987
[21:21:07] [info] APP: 0.016633987
[21:21:07] [info] VERTEX: 16.709328
[21:21:07] [info] APP: 0.016709328
[21:21:07] [info] VERTEX: 16.634941
[21:21:07] [info] APP: 0.016634941
[21:21:07] [info] VERTEX: 16.659737
[21:21:07] [info] APP: 0.016659737
[21:21:07] [info] VERTEX: 16.724586
[21:21:07] [info] APP: 0.016724586
[21:21:07] [info] VERTEX: 16.59298
[21:21:07] [info] APP: 0.01659298
[21:21:07] [info] VERTEX: 16.841888
[21:21:07] [info] APP: 0.016841888
[21:21:07] [info] VERTEX: 16.633034
[21:21:07] [info] APP: 0.016633034
[21:21:07] [info] VERTEX: 16.555786
[21:21:07] [info] APP: 0.016555786
[21:21:07] [info] VERTEX: 16.80088
[21:21:07] [info] APP: 0.01680088
[21:21:07] [info] VERTEX: 16.580582
[21:21:07] [info] APP: 0.016580582
[21:21:07] [info] VERTEX: 16.615868
[21:21:07] [info] APP: 0.016615868
[21:21:07] [info] VERTEX: 16.694069
[21:21:07] [info] APP: 0.016694069
[21:21:07] [info] VERTEX: 16.719818
[21:21:07] [info] APP: 0.016719818
[21:21:07] [info] VERTEX: 16.578674
[21:21:07] [info] APP: 0.016578674
[21:21:07] [info] VERTEX: 16.674995
[21:21:07] [info] APP: 0.016674995
[21:21:07] [info] VERTEX: 16.75129
[21:21:07] [info] APP: 0.01675129
[21:21:07] [info] VERTEX: 16.609192
[21:21:07] [info] APP: 0.016609192
[21:21:07] [info] VERTEX: 16.718864
[21:21:07] [info] APP: 0.016718864
[21:21:07] [info] VERTEX: 16.785622
[21:21:07] [info] APP: 0.016785622
[21:21:07] [info] VERTEX: 16.480446
[21:21:07] [info] APP: 0.016480446
[21:21:07] [info] VERTEX: 16.661644
[21:21:07] [info] APP: 0.016661644
[21:21:07] [info] VERTEX: 16.741753
[21:21:07] [info] APP: 0.016741753
[21:21:07] [info] VERTEX: 16.73317
[21:21:07] [info] APP: 0.01673317
[21:21:07] [info] VERTEX: 16.541481
[21:21:07] [info] APP: 0.016541481
[21:21:07] [info] VERTEX: 16.744614
[21:21:07] [info] APP: 0.016744614
[21:21:07] [info] VERTEX: 16.627312
[21:21:07] [info] APP: 0.016627312
[21:21:07] [info] VERTEX: 16.681671
[21:21:07] [info] APP: 0.016681671
[21:21:07] [info] VERTEX: 16.685486
[21:21:07] [info] APP: 0.016685486
[21:21:07] [info] VERTEX: 16.569138
[21:21:07] [info] APP: 0.016569138
[21:21:07] [info] VERTEX: 16.706467
[21:21:07] [info] APP: 0.016706467
[21:21:07] [info] VERTEX: 16.82949
[21:21:07] [info] APP: 0.01682949
[21:21:07] [info] VERTEX: 16.627312
[21:21:07] [info] APP: 0.016627312
[21:21:07] [info] VERTEX: 16.620636
[21:21:07] [info] APP: 0.016620636
[21:21:07] [info] VERTEX: 16.6111
[21:21:07] [info] APP: 0.0166111
[21:21:07] [info] VERTEX: 16.73603
[21:21:07] [info] APP: 0.01673603
[21:21:07] [info] VERTEX: 16.610146
[21:21:07] [info] APP: 0.016610146
[21:21:07] [info] VERTEX: 16.833305
[21:21:07] [info] APP: 0.016833305
[21:21:07] [info] VERTEX: 16.464233
[21:21:07] [info] APP: 0.016464233
[21:21:07] [info] VERTEX: 16.72268
[21:21:07] [info] APP: 0.01672268
[21:21:08] [info] VERTEX: 16.65783
[21:21:08] [info] APP: 0.01665783
[21:21:08] [info] VERTEX: 16.71791
[21:21:08] [info] APP: 0.01671791
[21:21:08] [info] VERTEX: 16.618729
[21:21:08] [info] APP: 0.016618729
[21:21:08] [info] VERTEX: 16.720772
[21:21:08] [info] APP: 0.016720772
[21:21:08] [info] VERTEX: 16.60633
[21:21:08] [info] APP: 0.01660633
[21:21:08] [info] VERTEX: 33.345222
[21:21:08] [info] APP: 0.033345222
[21:21:08] [info] VERTEX: 8.355141
[21:21:08] [info] APP: 0.008355141
[21:21:08] [info] VERTEX: 8.3322525
[21:21:08] [info] APP: 0.0083322525
[21:21:08] [info] VERTEX: 16.636848
[21:21:08] [info] APP: 0.016636848
[21:21:08] [info] VERTEX: 16.728401
[21:21:08] [info] APP: 0.016728401
[21:21:08] [info] VERTEX: 16.620636
[21:21:08] [info] APP: 0.016620636
[21:21:08] [info] VERTEX: 16.645432
[21:21:08] [info] APP: 0.016645432
[21:21:08] [info] VERTEX: 16.677856
[21:21:08] [info] APP: 0.016677856
[21:21:08] [info] VERTEX: 16.65306
[21:21:08] [info] APP: 0.01665306
[21:21:08] [info] VERTEX: 16.66069
[21:21:08] [info] APP: 0.01666069
[21:21:08] [info] VERTEX: 16.702652
[21:21:08] [info] APP: 0.016702652
[21:21:08] [info] VERTEX: 16.67595
[21:21:08] [info] APP: 0.01667595
[21:21:08] [info] VERTEX: 16.622543
[21:21:08] [info] APP: 0.016622543
[21:21:08] [info] VERTEX: 16.738892
[21:21:08] [info] APP: 0.016738892
[21:21:08] [info] VERTEX: 16.588211
[21:21:08] [info] APP: 0.016588211
[21:21:08] [info] VERTEX: 16.687393
[21:21:08] [info] APP: 0.016687393
[21:21:08] [info] VERTEX: 16.679764
[21:21:08] [info] APP: 0.016679764
[21:21:08] [info] VERTEX: 16.658783
[21:21:08] [info] APP: 0.016658783
[21:21:08] [info] VERTEX: 16.645432
[21:21:08] [info] APP: 0.016645432
[21:21:08] [info] VERTEX: 16.685486
[21:21:08] [info] APP: 0.016685486
[21:21:08] [info] VERTEX: 16.681671
[21:21:08] [info] APP: 0.016681671
[21:21:08] [info] VERTEX: 16.628265
[21:21:08] [info] APP: 0.016628265
[21:21:08] [info] VERTEX: 16.740799
[21:21:08] [info] APP: 0.016740799
[21:21:08] [info] VERTEX: 16.613007
[21:21:08] [info] APP: 0.016613007
[21:21:08] [info] VERTEX: 16.693115
[21:21:08] [info] APP: 0.016693115
[21:21:08] [info] VERTEX: 16.59584
[21:21:08] [info] APP: 0.01659584
[21:21:08] [info] VERTEX: 16.81137
[21:21:08] [info] APP: 0.01681137
[21:21:08] [info] VERTEX: 16.633987
[21:21:08] [info] APP: 0.016633987
[21:21:08] [info] VERTEX: 16.656876
[21:21:08] [info] APP: 0.016656876
[21:21:08] [info] VERTEX: 16.593933
[21:21:08] [info] APP: 0.016593933
[21:21:08] [info] VERTEX: 16.66832
[21:21:08] [info] APP: 0.01666832
[21:21:08] [info] VERTEX: 16.750336
[21:21:08] [info] APP: 0.016750336
[21:21:08] [info] VERTEX: 16.572952
[21:21:08] [info] APP: 0.016572952
[21:21:08] [info] VERTEX: 16.679764
[21:21:08] [info] APP: 0.016679764
[21:21:08] [info] VERTEX: 16.742706
[21:21:08] [info] APP: 0.016742706
[21:21:08] [info] VERTEX: 16.593933
[21:21:08] [info] APP: 0.016593933
[21:21:08] [info] VERTEX: 16.693115
[21:21:08] [info] APP: 0.016693115
[21:21:08] [info] VERTEX: 16.679764
[21:21:08] [info] APP: 0.016679764
[21:21:08] [info] VERTEX: 16.765594
[21:21:08] [info] APP: 0.016765594
[21:21:08] [info] VERTEX: 16.740799
[21:21:08] [info] APP: 0.016740799
[21:21:08] [info] VERTEX: 16.464233
[21:21:08] [info] APP: 0.016464233
[21:21:08] [info] VERTEX: 16.677856
[21:21:08] [info] APP: 0.016677856
[21:21:08] [info] VERTEX: 16.656876
[21:21:08] [info] APP: 0.016656876
[21:21:08] [info] VERTEX: 16.677856
[21:21:08] [info] APP: 0.016677856
[21:21:08] [info] VERTEX: 16.63208
[21:21:08] [info] APP: 0.01663208
[21:21:08] [info] VERTEX: 16.679764
[21:21:08] [info] APP: 0.016679764
[21:21:08] [info] VERTEX: 16.76178
[21:21:08] [info] APP: 0.01676178
[21:21:08] [info] VERTEX: 16.580582
[21:21:08] [info] APP: 0.016580582
[21:21:08] [info] VERTEX: 16.685486
[21:21:08] [info] APP: 0.016685486
[21:21:08] [info] VERTEX: 16.687393
[21:21:08] [info] APP: 0.016687393
[21:21:08] [info] VERTEX: 16.65306
[21:21:08] [info] APP: 0.01665306
[21:21:08] [info] VERTEX: 16.834259
[21:21:08] [info] APP: 0.016834259
[21:21:08] [info] VERTEX: 16.565323
[21:21:08] [info] APP: 0.016565323
[21:21:08] [info] VERTEX: 16.643524
[21:21:08] [info] APP: 0.016643524
[21:21:08] [info] VERTEX: 16.614914
[21:21:08] [info] APP: 0.016614914
[21:21:09] [info] VERTEX: 16.695023
[21:21:09] [info] APP: 0.016695023
[21:21:09] [info] VERTEX: 16.637802
[21:21:09] [info] APP: 0.016637802
[21:21:09] [info] VERTEX: 16.658783
[21:21:09] [info] APP: 0.016658783
