VM start event not sent yet: dropping APPDOMAIN_CREATE
[000000000000230C] Thread started, obj=000001D96A330130, tls=000001D967B1E080.
VM start event not sent yet: dropping THREAD_START
[000000000000230C] Suspended.
[000000000000230C] Resumed.
VM start event not sent yet: dropping ASSEMBLY_LOAD
VM start event not sent yet: dropping TYPE_LOAD
VM start event not sent yet: dropping TYPE_LOAD
VM start event not sent yet: dropping TYPE_LOAD
VM start event not sent yet: dropping TYPE_LOAD
VM start event not sent yet: dropping TYPE_LOAD
VM start event not sent yet: dropping TYPE_LOAD
VM start event not sent yet: dropping TYPE_LOAD
VM start event not sent yet: dropping TYPE_LOAD
Debugger client is not connected: dropping VM_START
[00000000000045B0] Thread started, obj=000001D96A330278, tls=000001D967B5A4F0.
VM start event not sent yet: dropping THREAD_START
[00000000000045B0] Suspended.
[00000000000045B0] Resumed.
[dbg] Agent thread started, pid=0000000000004EEC
VM start event not sent yet: dropping APPDOMAIN_CREATE
VM start event not sent yet: dropping TYPE_LOAD
VM start event not sent yet: dropping TYPE_LOAD
VM start event not sent yet: dropping TYPE_LOAD
VM start event not sent yet: dropping TYPE_LOAD
VM start event not sent yet: dropping TYPE_LOAD
VM start event not sent yet: dropping TYPE_LOAD
VM start event not sent yet: dropping TYPE_LOAD
VM start event not sent yet: dropping TYPE_LOAD
